>>> p0=6, p1=8
RNG_test using PractRand version 0.94
RNG = RNG_stdin64, seed = 0
test set = expanded, folding = extra

rng=RNG_stdin64, seed=0
length= 64 megabytes (2^26 bytes), time= 2.3 seconds
  no anomalies in 1008 test result(s)

rng=RNG_stdin64, seed=0
length= 128 megabytes (2^27 bytes), time= 8.7 seconds
  no anomalies in 1081 test result(s)

rng=RNG_stdin64, seed=0
length= 256 megabytes (2^28 bytes), time= 16.7 seconds
  no anomalies in 1151 test result(s)

rng=RNG_stdin64, seed=0
length= 512 megabytes (2^29 bytes), time= 25.8 seconds
  no anomalies in 1220 test result(s)

rng=RNG_stdin64, seed=0
length= 1 gigabyte (2^30 bytes), time= 40.3 seconds
  no anomalies in 1295 test result(s)

rng=RNG_stdin64, seed=0
length= 2 gigabytes (2^31 bytes), time= 66.9 seconds
  no anomalies in 1368 test result(s)

rng=RNG_stdin64, seed=0
length= 4 gigabytes (2^32 bytes), time= 112 seconds
  no anomalies in 1450 test result(s)

rng=RNG_stdin64, seed=0
length= 8 gigabytes (2^33 bytes), time= 204 seconds
  no anomalies in 1543 test result(s)

rng=RNG_stdin64, seed=0
length= 16 gigabytes (2^34 bytes), time= 380 seconds
  no anomalies in 1632 test result(s)

rng=RNG_stdin64, seed=0
length= 32 gigabytes (2^35 bytes), time= 693 seconds
  no anomalies in 1715 test result(s)

rng=RNG_stdin64, seed=0
length= 64 gigabytes (2^36 bytes), time= 1391 seconds
  no anomalies in 1808 test result(s)

rng=RNG_stdin64, seed=0
length= 128 gigabytes (2^37 bytes), time= 2748 seconds
  no anomalies in 1902 test result(s)

rng=RNG_stdin64, seed=0
length= 256 gigabytes (2^38 bytes), time= 5193 seconds
  no anomalies in 1983 test result(s)

rng=RNG_stdin64, seed=0
length= 512 gigabytes (2^39 bytes), time= 10247 seconds
  Test Name                         Raw       Processed     Evaluation
  mod3n(0):(2,9-0)                  R= +11.9  p =  1.2e-6   mildly suspicious
  [Low4/32]DC6-9x1Bytes-1           R=  +8.4  p =  8.9e-4   unusual          
  ...and 2056 test result(s) without anomalies

rng=RNG_stdin64, seed=0
length= 1 terabyte (2^40 bytes), time= 20739 seconds
  Test Name                         Raw       Processed     Evaluation
  mod3n(0):(2,9-0)                  R= +27.9  p =  2.5e-15    FAIL           
  [Low4/32]DC6-9x1Bytes-1           R= +15.6  p =  2.7e-6   suspicious       
  ...and 2130 test result(s) without anomalies

>>> p0=6, p1=9
RNG_test using PractRand version 0.94
RNG = RNG_stdin64, seed = 0
test set = expanded, folding = extra

rng=RNG_stdin64, seed=0
length= 64 megabytes (2^26 bytes), time= 2.2 seconds
  no anomalies in 1008 test result(s)

rng=RNG_stdin64, seed=0
length= 128 megabytes (2^27 bytes), time= 8.8 seconds
  no anomalies in 1081 test result(s)

rng=RNG_stdin64, seed=0
length= 256 megabytes (2^28 bytes), time= 16.2 seconds
  no anomalies in 1151 test result(s)

rng=RNG_stdin64, seed=0
length= 512 megabytes (2^29 bytes), time= 26.0 seconds
  no anomalies in 1220 test result(s)

rng=RNG_stdin64, seed=0
length= 1 gigabyte (2^30 bytes), time= 41.2 seconds
  no anomalies in 1295 test result(s)

rng=RNG_stdin64, seed=0
length= 2 gigabytes (2^31 bytes), time= 65.9 seconds
  no anomalies in 1368 test result(s)

rng=RNG_stdin64, seed=0
length= 4 gigabytes (2^32 bytes), time= 111 seconds
  no anomalies in 1447 test result(s)

rng=RNG_stdin64, seed=0
length= 8 gigabytes (2^33 bytes), time= 202 seconds
  no anomalies in 1541 test result(s)

rng=RNG_stdin64, seed=0
length= 16 gigabytes (2^34 bytes), time= 369 seconds
  no anomalies in 1637 test result(s)

rng=RNG_stdin64, seed=0
length= 32 gigabytes (2^35 bytes), time= 683 seconds
  no anomalies in 1715 test result(s)

rng=RNG_stdin64, seed=0
length= 64 gigabytes (2^36 bytes), time= 1386 seconds
  no anomalies in 1807 test result(s)

rng=RNG_stdin64, seed=0
length= 128 gigabytes (2^37 bytes), time= 2534 seconds
  Test Name                         Raw       Processed     Evaluation
  [Low8/32]FPF-14+6/4:cross         R=  -2.8  p =1-3.0e-5   unusual          
  ...and 1901 test result(s) without anomalies

rng=RNG_stdin64, seed=0
length= 256 gigabytes (2^38 bytes), time= 4765 seconds
  no anomalies in 1983 test result(s)

rng=RNG_stdin64, seed=0
length= 512 gigabytes (2^39 bytes), time= 10311 seconds
  no anomalies in 2058 test result(s)

rng=RNG_stdin64, seed=0
length= 1 terabyte (2^40 bytes), time= 20392 seconds
  Test Name                         Raw       Processed     Evaluation
  BCFN(0+2,13-0,T)                  R=  +9.6  p =  1.2e-4   unusual          
  [Low4/32]DC6-9x1Bytes-1           R= +13.8  p =  1.1e-5   mildly suspicious
  ...and 2130 test result(s) without anomalies

rng=RNG_stdin64, seed=0
length= 2 terabytes (2^41 bytes), time= 40449 seconds
  Test Name                         Raw       Processed     Evaluation
  BCFN(0+2,13-0,T)                  R= +17.5  p =  6.9e-9   very suspicious  
  [Low4/32]DC6-9x1Bytes-1           R= +20.9  p =  4.3e-8   very suspicious  
  ...and 2192 test result(s) without anomalies

rng=RNG_stdin64, seed=0
length= 4 terabytes (2^42 bytes), time= 83260 seconds
  Test Name                         Raw       Processed     Evaluation
  BCFN(0+2,13-0,T)                  R= +40.7  p =  2.8e-21    FAIL !!        
  [Low4/32]DC6-9x1Bytes-1           R= +43.2  p =  7.7e-16    FAIL !         
  [Low8/32]BCFN(0+0,13-0,T)         R= +17.7  p =  5.5e-9   very suspicious  
  ...and 2252 test result(s) without anomalies

>>> p0=6, p1=10
RNG_test using PractRand version 0.94
RNG = RNG_stdin64, seed = 0
test set = expanded, folding = extra

rng=RNG_stdin64, seed=0
length= 64 megabytes (2^26 bytes), time= 2.2 seconds
  no anomalies in 1008 test result(s)

rng=RNG_stdin64, seed=0
length= 128 megabytes (2^27 bytes), time= 8.8 seconds
  no anomalies in 1081 test result(s)

rng=RNG_stdin64, seed=0
length= 256 megabytes (2^28 bytes), time= 15.9 seconds
  no anomalies in 1151 test result(s)

rng=RNG_stdin64, seed=0
length= 512 megabytes (2^29 bytes), time= 25.7 seconds
  no anomalies in 1220 test result(s)

rng=RNG_stdin64, seed=0
length= 1 gigabyte (2^30 bytes), time= 42.2 seconds
  no anomalies in 1294 test result(s)

rng=RNG_stdin64, seed=0
length= 2 gigabytes (2^31 bytes), time= 67.5 seconds
  no anomalies in 1368 test result(s)

rng=RNG_stdin64, seed=0
length= 4 gigabytes (2^32 bytes), time= 112 seconds
  no anomalies in 1448 test result(s)

rng=RNG_stdin64, seed=0
length= 8 gigabytes (2^33 bytes), time= 204 seconds
  no anomalies in 1542 test result(s)

rng=RNG_stdin64, seed=0
length= 16 gigabytes (2^34 bytes), time= 370 seconds
  no anomalies in 1637 test result(s)

rng=RNG_stdin64, seed=0
length= 32 gigabytes (2^35 bytes), time= 670 seconds
  no anomalies in 1715 test result(s)

rng=RNG_stdin64, seed=0
length= 64 gigabytes (2^36 bytes), time= 1351 seconds
  Test Name                         Raw       Processed     Evaluation
  [Low1/16]FPF-14+6/4:cross         R=  -2.6  p =1-8.9e-5   unusual          
  ...and 1806 test result(s) without anomalies

rng=RNG_stdin64, seed=0
length= 128 gigabytes (2^37 bytes), time= 2668 seconds
  no anomalies in 1903 test result(s)

rng=RNG_stdin64, seed=0
length= 256 gigabytes (2^38 bytes), time= 5047 seconds
  Test Name                         Raw       Processed     Evaluation
  [Low4/32]DC6-9x1Bytes-1           R=  +7.6  p =  4.5e-5   mildly suspicious
  ...and 1982 test result(s) without anomalies

rng=RNG_stdin64, seed=0
length= 512 gigabytes (2^39 bytes), time= 10419 seconds
  Test Name                         Raw       Processed     Evaluation
  mod3n(0):(2,9-0)                  R= +10.6  p =  6.0e-6   unusual          
  ...and 2057 test result(s) without anomalies

rng=RNG_stdin64, seed=0
length= 1 terabyte (2^40 bytes), time= 20807 seconds
  Test Name                         Raw       Processed     Evaluation
  mod3n(0):(2,9-0)                  R= +19.6  p =  7.6e-11   VERY SUSPICIOUS 
  ...and 2131 test result(s) without anomalies

rng=RNG_stdin64, seed=0
length= 2 terabytes (2^41 bytes), time= 41185 seconds
  Test Name                         Raw       Processed     Evaluation
  mod3n(0):(2,9-0)                  R= +34.5  p =  6.0e-19    FAIL !         
  ...and 2193 test result(s) without anomalies

>>> p0=6, p1=11
RNG_test using PractRand version 0.94
RNG = RNG_stdin64, seed = 0
test set = expanded, folding = extra

rng=RNG_stdin64, seed=0
length= 32 megabytes (2^25 bytes), time= 2.1 seconds
  no anomalies in 937 test result(s)

rng=RNG_stdin64, seed=0
length= 64 megabytes (2^26 bytes), time= 8.2 seconds
  no anomalies in 1008 test result(s)

rng=RNG_stdin64, seed=0
length= 128 megabytes (2^27 bytes), time= 14.2 seconds
  Test Name                         Raw       Processed     Evaluation
  [Low4/16]DC6-9x1Bytes-1           R=  -5.3  p =1-9.7e-4   unusual          
  ...and 1080 test result(s) without anomalies

rng=RNG_stdin64, seed=0
length= 256 megabytes (2^28 bytes), time= 21.5 seconds
  no anomalies in 1151 test result(s)

rng=RNG_stdin64, seed=0
length= 512 megabytes (2^29 bytes), time= 32.3 seconds
  Test Name                         Raw       Processed     Evaluation
  [Low4/32]Gap-16:A                 R=  +6.0  p =  1.3e-4   unusual          
  ...and 1219 test result(s) without anomalies

rng=RNG_stdin64, seed=0
length= 1 gigabyte (2^30 bytes), time= 46.8 seconds
  Test Name                         Raw       Processed     Evaluation
  [Low8/64]DC6-9x1Bytes-1           R=  +7.0  p =  6.9e-4   unusual          
  ...and 1294 test result(s) without anomalies

rng=RNG_stdin64, seed=0
length= 2 gigabytes (2^31 bytes), time= 72.2 seconds
  no anomalies in 1368 test result(s)

rng=RNG_stdin64, seed=0
length= 4 gigabytes (2^32 bytes), time= 117 seconds
  no anomalies in 1447 test result(s)

rng=RNG_stdin64, seed=0
length= 8 gigabytes (2^33 bytes), time= 212 seconds
  no anomalies in 1541 test result(s)

rng=RNG_stdin64, seed=0
length= 16 gigabytes (2^34 bytes), time= 387 seconds
  no anomalies in 1636 test result(s)

rng=RNG_stdin64, seed=0
length= 32 gigabytes (2^35 bytes), time= 700 seconds
  no anomalies in 1717 test result(s)

rng=RNG_stdin64, seed=0
length= 64 gigabytes (2^36 bytes), time= 1415 seconds
  no anomalies in 1810 test result(s)

rng=RNG_stdin64, seed=0
length= 128 gigabytes (2^37 bytes), time= 2783 seconds
  no anomalies in 1902 test result(s)

rng=RNG_stdin64, seed=0
length= 256 gigabytes (2^38 bytes), time= 5232 seconds
  no anomalies in 1983 test result(s)

rng=RNG_stdin64, seed=0
length= 512 gigabytes (2^39 bytes), time= 10350 seconds
  no anomalies in 2058 test result(s)

rng=RNG_stdin64, seed=0
length= 1 terabyte (2^40 bytes), time= 20987 seconds
  no anomalies in 2132 test result(s)

rng=RNG_stdin64, seed=0
length= 2 terabytes (2^41 bytes), time= 41322 seconds
  Test Name                         Raw       Processed     Evaluation
  BCFN(0+2,13-0,T)                  R=  +9.5  p =  1.2e-4   unusual          
  ...and 2193 test result(s) without anomalies

rng=RNG_stdin64, seed=0
length= 4 terabytes (2^42 bytes), time= 84183 seconds
  Test Name                         Raw       Processed     Evaluation
  BCFN(0+2,13-0,T)                  R= +24.0  p =  2.3e-12    FAIL           
  ...and 2254 test result(s) without anomalies

>>> p0=6, p1=13
RNG_test using PractRand version 0.94
RNG = RNG_stdin64, seed = 0
test set = expanded, folding = extra

rng=RNG_stdin64, seed=0
length= 64 megabytes (2^26 bytes), time= 2.4 seconds
  no anomalies in 1008 test result(s)

rng=RNG_stdin64, seed=0
length= 128 megabytes (2^27 bytes), time= 8.6 seconds
  no anomalies in 1081 test result(s)

rng=RNG_stdin64, seed=0
length= 256 megabytes (2^28 bytes), time= 15.5 seconds
  no anomalies in 1151 test result(s)

rng=RNG_stdin64, seed=0
length= 512 megabytes (2^29 bytes), time= 26.8 seconds
  no anomalies in 1220 test result(s)

rng=RNG_stdin64, seed=0
length= 1 gigabyte (2^30 bytes), time= 41.3 seconds
  no anomalies in 1294 test result(s)

rng=RNG_stdin64, seed=0
length= 2 gigabytes (2^31 bytes), time= 67.3 seconds
  no anomalies in 1368 test result(s)

rng=RNG_stdin64, seed=0
length= 4 gigabytes (2^32 bytes), time= 113 seconds
  no anomalies in 1446 test result(s)

rng=RNG_stdin64, seed=0
length= 8 gigabytes (2^33 bytes), time= 205 seconds
  no anomalies in 1540 test result(s)

rng=RNG_stdin64, seed=0
length= 16 gigabytes (2^34 bytes), time= 381 seconds
  no anomalies in 1639 test result(s)

rng=RNG_stdin64, seed=0
length= 32 gigabytes (2^35 bytes), time= 696 seconds
  Test Name                         Raw       Processed     Evaluation
  [Low8/32]BCFN(0+3,13-0,T)         R=  -8.9  p =1-9.7e-5   unusual          
  ...and 1713 test result(s) without anomalies

rng=RNG_stdin64, seed=0
length= 64 gigabytes (2^36 bytes), time= 1404 seconds
  no anomalies in 1808 test result(s)

rng=RNG_stdin64, seed=0
length= 128 gigabytes (2^37 bytes), time= 2766 seconds
  no anomalies in 1902 test result(s)

rng=RNG_stdin64, seed=0
length= 256 gigabytes (2^38 bytes), time= 5028 seconds
  no anomalies in 1983 test result(s)

rng=RNG_stdin64, seed=0
length= 512 gigabytes (2^39 bytes), time= 10222 seconds
  no anomalies in 2058 test result(s)

rng=RNG_stdin64, seed=0
length= 1 terabyte (2^40 bytes), time= 20818 seconds
  Test Name                         Raw       Processed     Evaluation
  [Low1/8]BCFN(0+4,13-0,T)          R=  -8.6  p =1-1.6e-4   unusual          
  [Low1/8]FPF-14+6/4:all            R=  +6.1  p =  3.0e-5   unusual          
  ...and 2130 test result(s) without anomalies

rng=RNG_stdin64, seed=0
length= 2 terabytes (2^41 bytes), time= 40829 seconds
  Test Name                         Raw       Processed     Evaluation
  BCFN(0+2,13-0,T)                  R= +18.1  p =  3.1e-9   very suspicious  
  [Low1/8]FPF-14+6/4:all            R=  +6.3  p =  2.2e-5   unusual          
  ...and 2192 test result(s) without anomalies

rng=RNG_stdin64, seed=0
length= 4 terabytes (2^42 bytes), time= 83436 seconds
  Test Name                         Raw       Processed     Evaluation
  BCFN(0+2,13-0,T)                  R= +28.8  p =  6.1e-15    FAIL           
  [Low8/64]BCFN(0+2,13-0,T)         R=  -9.5  p =1-4.5e-5   unusual          
  ...and 2253 test result(s) without anomalies

>>> p0=6, p1=15
RNG_test using PractRand version 0.94
RNG = RNG_stdin64, seed = 0
test set = expanded, folding = extra

rng=RNG_stdin64, seed=0
length= 128 megabytes (2^27 bytes), time= 3.7 seconds
  no anomalies in 1081 test result(s)

rng=RNG_stdin64, seed=0
length= 256 megabytes (2^28 bytes), time= 12.0 seconds
  no anomalies in 1151 test result(s)

rng=RNG_stdin64, seed=0
length= 512 megabytes (2^29 bytes), time= 21.5 seconds
  no anomalies in 1220 test result(s)

rng=RNG_stdin64, seed=0
length= 1 gigabyte (2^30 bytes), time= 37.9 seconds
  no anomalies in 1295 test result(s)

rng=RNG_stdin64, seed=0
length= 2 gigabytes (2^31 bytes), time= 61.8 seconds
  no anomalies in 1368 test result(s)

rng=RNG_stdin64, seed=0
length= 4 gigabytes (2^32 bytes), time= 107 seconds
  no anomalies in 1447 test result(s)

rng=RNG_stdin64, seed=0
length= 8 gigabytes (2^33 bytes), time= 200 seconds
  no anomalies in 1542 test result(s)

rng=RNG_stdin64, seed=0
length= 16 gigabytes (2^34 bytes), time= 376 seconds
  no anomalies in 1634 test result(s)

rng=RNG_stdin64, seed=0
length= 32 gigabytes (2^35 bytes), time= 693 seconds
  no anomalies in 1715 test result(s)

rng=RNG_stdin64, seed=0
length= 64 gigabytes (2^36 bytes), time= 1404 seconds
  no anomalies in 1810 test result(s)

rng=RNG_stdin64, seed=0
length= 128 gigabytes (2^37 bytes), time= 2771 seconds
  no anomalies in 1902 test result(s)

rng=RNG_stdin64, seed=0
length= 256 gigabytes (2^38 bytes), time= 5063 seconds
  no anomalies in 1983 test result(s)

rng=RNG_stdin64, seed=0
length= 512 gigabytes (2^39 bytes), time= 10299 seconds
  no anomalies in 2058 test result(s)

rng=RNG_stdin64, seed=0
length= 1 terabyte (2^40 bytes), time= 20927 seconds
  no anomalies in 2132 test result(s)

rng=RNG_stdin64, seed=0
length= 2 terabytes (2^41 bytes), time= 41002 seconds
  no anomalies in 2194 test result(s)

rng=RNG_stdin64, seed=0
length= 4 terabytes (2^42 bytes), time= 83354 seconds
  no anomalies in 2255 test result(s)

>>> p0=6, p1=16
RNG_test using PractRand version 0.94
RNG = RNG_stdin64, seed = 0
test set = expanded, folding = extra

rng=RNG_stdin64, seed=0
length= 64 megabytes (2^26 bytes), time= 2.4 seconds
  no anomalies in 1008 test result(s)

rng=RNG_stdin64, seed=0
length= 128 megabytes (2^27 bytes), time= 8.4 seconds
  no anomalies in 1081 test result(s)

rng=RNG_stdin64, seed=0
length= 256 megabytes (2^28 bytes), time= 15.9 seconds
  no anomalies in 1151 test result(s)

rng=RNG_stdin64, seed=0
length= 512 megabytes (2^29 bytes), time= 26.5 seconds
  no anomalies in 1220 test result(s)

rng=RNG_stdin64, seed=0
length= 1 gigabyte (2^30 bytes), time= 41.6 seconds
  no anomalies in 1292 test result(s)

rng=RNG_stdin64, seed=0
length= 2 gigabytes (2^31 bytes), time= 66.0 seconds
  no anomalies in 1368 test result(s)

rng=RNG_stdin64, seed=0
length= 4 gigabytes (2^32 bytes), time= 111 seconds
  no anomalies in 1446 test result(s)

rng=RNG_stdin64, seed=0
length= 8 gigabytes (2^33 bytes), time= 204 seconds
  no anomalies in 1543 test result(s)

rng=RNG_stdin64, seed=0
length= 16 gigabytes (2^34 bytes), time= 378 seconds
  no anomalies in 1637 test result(s)

rng=RNG_stdin64, seed=0
length= 32 gigabytes (2^35 bytes), time= 690 seconds
  no anomalies in 1713 test result(s)

rng=RNG_stdin64, seed=0
length= 64 gigabytes (2^36 bytes), time= 1398 seconds
  no anomalies in 1808 test result(s)

rng=RNG_stdin64, seed=0
length= 128 gigabytes (2^37 bytes), time= 2758 seconds
  no anomalies in 1902 test result(s)

rng=RNG_stdin64, seed=0
length= 256 gigabytes (2^38 bytes), time= 5039 seconds
  no anomalies in 1983 test result(s)

rng=RNG_stdin64, seed=0
length= 512 gigabytes (2^39 bytes), time= 10212 seconds
  Test Name                         Raw       Processed     Evaluation
  mod3n(0):(2,9-0)                  R= +11.8  p =  1.3e-6   mildly suspicious
  ...and 2057 test result(s) without anomalies

rng=RNG_stdin64, seed=0
length= 1 terabyte (2^40 bytes), time= 20813 seconds
  Test Name                         Raw       Processed     Evaluation
  BCFN(0+2,13-0,T)                  R= +11.5  p =  1.0e-5   mildly suspicious
  mod3n(0):(2,9-0)                  R= +22.0  p =  3.9e-12   VERY SUSPICIOUS 
  [Low1/8]FPF-14+6/4:all            R=  +5.9  p =  4.8e-5   unusual          
  ...and 2129 test result(s) without anomalies

rng=RNG_stdin64, seed=0
length= 2 terabytes (2^41 bytes), time= 40786 seconds
  Test Name                         Raw       Processed     Evaluation
  BCFN(0+2,13-0,T)                  R= +17.6  p =  6.1e-9   very suspicious  
  mod3n(0):(2,9-0)                  R= +45.7  p =  4.8e-25    FAIL !!        
  ...and 2192 test result(s) without anomalies

>>> p0=6, p1=17
RNG_test using PractRand version 0.94
RNG = RNG_stdin64, seed = 0
test set = expanded, folding = extra

rng=RNG_stdin64, seed=0
length= 64 megabytes (2^26 bytes), time= 2.3 seconds
  no anomalies in 1008 test result(s)

rng=RNG_stdin64, seed=0
length= 128 megabytes (2^27 bytes), time= 8.7 seconds
  no anomalies in 1081 test result(s)

rng=RNG_stdin64, seed=0
length= 256 megabytes (2^28 bytes), time= 16.2 seconds
  no anomalies in 1151 test result(s)

rng=RNG_stdin64, seed=0
length= 512 megabytes (2^29 bytes), time= 26.0 seconds
  no anomalies in 1220 test result(s)

rng=RNG_stdin64, seed=0
length= 1 gigabyte (2^30 bytes), time= 41.0 seconds
  no anomalies in 1295 test result(s)

rng=RNG_stdin64, seed=0
length= 2 gigabytes (2^31 bytes), time= 64.5 seconds
  no anomalies in 1368 test result(s)

rng=RNG_stdin64, seed=0
length= 4 gigabytes (2^32 bytes), time= 97.6 seconds
  no anomalies in 1451 test result(s)

rng=RNG_stdin64, seed=0
length= 8 gigabytes (2^33 bytes), time= 169 seconds
  no anomalies in 1539 test result(s)

rng=RNG_stdin64, seed=0
length= 16 gigabytes (2^34 bytes), time= 338 seconds
  no anomalies in 1642 test result(s)

rng=RNG_stdin64, seed=0
length= 32 gigabytes (2^35 bytes), time= 652 seconds
  no anomalies in 1716 test result(s)

rng=RNG_stdin64, seed=0
length= 64 gigabytes (2^36 bytes), time= 1345 seconds
  no anomalies in 1810 test result(s)

rng=RNG_stdin64, seed=0
length= 128 gigabytes (2^37 bytes), time= 2587 seconds
  no anomalies in 1902 test result(s)

rng=RNG_stdin64, seed=0
length= 256 gigabytes (2^38 bytes), time= 4965 seconds
  no anomalies in 1983 test result(s)

rng=RNG_stdin64, seed=0
length= 512 gigabytes (2^39 bytes), time= 10530 seconds
  no anomalies in 2058 test result(s)

rng=RNG_stdin64, seed=0
length= 1 terabyte (2^40 bytes), time= 20634 seconds
  no anomalies in 2132 test result(s)

rng=RNG_stdin64, seed=0
length= 2 terabytes (2^41 bytes), time= 40920 seconds
  no anomalies in 2194 test result(s)

rng=RNG_stdin64, seed=0
length= 4 terabytes (2^42 bytes), time= 83659 seconds
  Test Name                         Raw       Processed     Evaluation
  BCFN(0+2,13-0,T)                  R= +11.8  p =  7.3e-6   mildly suspicious
  ...and 2254 test result(s) without anomalies

>>> p0=6, p1=18
RNG_test using PractRand version 0.94
RNG = RNG_stdin64, seed = 0
test set = expanded, folding = extra

rng=RNG_stdin64, seed=0
length= 128 megabytes (2^27 bytes), time= 3.7 seconds
  no anomalies in 1081 test result(s)

rng=RNG_stdin64, seed=0
length= 256 megabytes (2^28 bytes), time= 10.9 seconds
  no anomalies in 1151 test result(s)

rng=RNG_stdin64, seed=0
length= 512 megabytes (2^29 bytes), time= 20.3 seconds
  no anomalies in 1220 test result(s)

rng=RNG_stdin64, seed=0
length= 1 gigabyte (2^30 bytes), time= 35.4 seconds
  no anomalies in 1295 test result(s)

rng=RNG_stdin64, seed=0
length= 2 gigabytes (2^31 bytes), time= 59.4 seconds
  no anomalies in 1368 test result(s)

rng=RNG_stdin64, seed=0
length= 4 gigabytes (2^32 bytes), time= 105 seconds
  no anomalies in 1448 test result(s)

rng=RNG_stdin64, seed=0
length= 8 gigabytes (2^33 bytes), time= 196 seconds
  no anomalies in 1539 test result(s)

rng=RNG_stdin64, seed=0
length= 16 gigabytes (2^34 bytes), time= 370 seconds
  no anomalies in 1639 test result(s)

rng=RNG_stdin64, seed=0
length= 32 gigabytes (2^35 bytes), time= 677 seconds
  no anomalies in 1715 test result(s)

rng=RNG_stdin64, seed=0
length= 64 gigabytes (2^36 bytes), time= 1381 seconds
  no anomalies in 1806 test result(s)

rng=RNG_stdin64, seed=0
length= 128 gigabytes (2^37 bytes), time= 2735 seconds
  no anomalies in 1902 test result(s)

rng=RNG_stdin64, seed=0
length= 256 gigabytes (2^38 bytes), time= 4972 seconds
  no anomalies in 1983 test result(s)

rng=RNG_stdin64, seed=0
length= 512 gigabytes (2^39 bytes), time= 10107 seconds
  no anomalies in 2058 test result(s)

rng=RNG_stdin64, seed=0
length= 1 terabyte (2^40 bytes), time= 20584 seconds
  Test Name                         Raw       Processed     Evaluation
  mod3n(0):(2,9-0)                  R= +18.8  p =  2.3e-10   VERY SUSPICIOUS 
  ...and 2131 test result(s) without anomalies

rng=RNG_stdin64, seed=0
length= 2 terabytes (2^41 bytes), time= 40800 seconds
  Test Name                         Raw       Processed     Evaluation
  BCFN(0+2,13-0,T)                  R= +19.7  p =  4.4e-10   VERY SUSPICIOUS 
  mod3n(0):(2,9-0)                  R= +40.5  p =  3.5e-22    FAIL !!        
  ...and 2192 test result(s) without anomalies

>>> p0=6, p1=19
RNG_test using PractRand version 0.94
RNG = RNG_stdin64, seed = 0
test set = expanded, folding = extra

rng=RNG_stdin64, seed=0
length= 128 megabytes (2^27 bytes), time= 3.6 seconds
  no anomalies in 1081 test result(s)

rng=RNG_stdin64, seed=0
length= 256 megabytes (2^28 bytes), time= 10.5 seconds
  no anomalies in 1151 test result(s)

rng=RNG_stdin64, seed=0
length= 512 megabytes (2^29 bytes), time= 20.0 seconds
  no anomalies in 1220 test result(s)

rng=RNG_stdin64, seed=0
length= 1 gigabyte (2^30 bytes), time= 35.6 seconds
  no anomalies in 1295 test result(s)

rng=RNG_stdin64, seed=0
length= 2 gigabytes (2^31 bytes), time= 61.6 seconds
  no anomalies in 1368 test result(s)

rng=RNG_stdin64, seed=0
length= 4 gigabytes (2^32 bytes), time= 106 seconds
  no anomalies in 1449 test result(s)

rng=RNG_stdin64, seed=0
length= 8 gigabytes (2^33 bytes), time= 199 seconds
  no anomalies in 1542 test result(s)

rng=RNG_stdin64, seed=0
length= 16 gigabytes (2^34 bytes), time= 376 seconds
  no anomalies in 1635 test result(s)

rng=RNG_stdin64, seed=0
length= 32 gigabytes (2^35 bytes), time= 688 seconds
  Test Name                         Raw       Processed     Evaluation
  [Low1/32]DC6-5x4Bytes-1           R=  +7.5  p =  1.0e-4   unusual          
  ...and 1714 test result(s) without anomalies

rng=RNG_stdin64, seed=0
length= 64 gigabytes (2^36 bytes), time= 1399 seconds
  no anomalies in 1808 test result(s)

rng=RNG_stdin64, seed=0
length= 128 gigabytes (2^37 bytes), time= 2757 seconds
  no anomalies in 1902 test result(s)

rng=RNG_stdin64, seed=0
length= 256 gigabytes (2^38 bytes), time= 5038 seconds
  no anomalies in 1983 test result(s)

rng=RNG_stdin64, seed=0
length= 512 gigabytes (2^39 bytes), time= 10216 seconds
  no anomalies in 2058 test result(s)

rng=RNG_stdin64, seed=0
length= 1 terabyte (2^40 bytes), time= 20818 seconds
  no anomalies in 2132 test result(s)

rng=RNG_stdin64, seed=0
length= 2 terabytes (2^41 bytes), time= 40816 seconds
  no anomalies in 2194 test result(s)

rng=RNG_stdin64, seed=0
length= 4 terabytes (2^42 bytes), time= 83371 seconds
  no anomalies in 2255 test result(s)

>>> p0=6, p1=20
RNG_test using PractRand version 0.94
RNG = RNG_stdin64, seed = 0
test set = expanded, folding = extra

rng=RNG_stdin64, seed=0
length= 64 megabytes (2^26 bytes), time= 2.6 seconds
  no anomalies in 1008 test result(s)

rng=RNG_stdin64, seed=0
length= 128 megabytes (2^27 bytes), time= 9.0 seconds
  no anomalies in 1081 test result(s)

rng=RNG_stdin64, seed=0
length= 256 megabytes (2^28 bytes), time= 16.4 seconds
  no anomalies in 1151 test result(s)

rng=RNG_stdin64, seed=0
length= 512 megabytes (2^29 bytes), time= 26.5 seconds
  no anomalies in 1220 test result(s)

rng=RNG_stdin64, seed=0
length= 1 gigabyte (2^30 bytes), time= 41.4 seconds
  no anomalies in 1294 test result(s)

rng=RNG_stdin64, seed=0
length= 2 gigabytes (2^31 bytes), time= 65.5 seconds
  no anomalies in 1368 test result(s)

rng=RNG_stdin64, seed=0
length= 4 gigabytes (2^32 bytes), time= 109 seconds
  no anomalies in 1449 test result(s)

rng=RNG_stdin64, seed=0
length= 8 gigabytes (2^33 bytes), time= 203 seconds
  no anomalies in 1545 test result(s)

rng=RNG_stdin64, seed=0
length= 16 gigabytes (2^34 bytes), time= 377 seconds
  no anomalies in 1637 test result(s)

rng=RNG_stdin64, seed=0
length= 32 gigabytes (2^35 bytes), time= 691 seconds
  no anomalies in 1714 test result(s)

rng=RNG_stdin64, seed=0
length= 64 gigabytes (2^36 bytes), time= 1399 seconds
  no anomalies in 1811 test result(s)

rng=RNG_stdin64, seed=0
length= 128 gigabytes (2^37 bytes), time= 2761 seconds
  no anomalies in 1902 test result(s)

rng=RNG_stdin64, seed=0
length= 256 gigabytes (2^38 bytes), time= 5066 seconds
  no anomalies in 1983 test result(s)

rng=RNG_stdin64, seed=0
length= 512 gigabytes (2^39 bytes), time= 10259 seconds
  Test Name                         Raw       Processed     Evaluation
  mod3n(0):(2,9-0)                  R= +14.5  p =  4.7e-8   suspicious       
  ...and 2057 test result(s) without anomalies

rng=RNG_stdin64, seed=0
length= 1 terabyte (2^40 bytes), time= 20927 seconds
  Test Name                         Raw       Processed     Evaluation
  mod3n(0):(2,9-0)                  R= +25.2  p =  7.6e-14    FAIL           
  ...and 2131 test result(s) without anomalies

>>> p0=6, p1=21
RNG_test using PractRand version 0.94
RNG = RNG_stdin64, seed = 0
test set = expanded, folding = extra

rng=RNG_stdin64, seed=0
length= 64 megabytes (2^26 bytes), time= 2.2 seconds
  no anomalies in 1008 test result(s)

rng=RNG_stdin64, seed=0
length= 128 megabytes (2^27 bytes), time= 7.9 seconds
  no anomalies in 1081 test result(s)

rng=RNG_stdin64, seed=0
length= 256 megabytes (2^28 bytes), time= 15.4 seconds
  no anomalies in 1151 test result(s)

rng=RNG_stdin64, seed=0
length= 512 megabytes (2^29 bytes), time= 25.0 seconds
  no anomalies in 1220 test result(s)

rng=RNG_stdin64, seed=0
length= 1 gigabyte (2^30 bytes), time= 40.1 seconds
  no anomalies in 1294 test result(s)

rng=RNG_stdin64, seed=0
length= 2 gigabytes (2^31 bytes), time= 65.7 seconds
  no anomalies in 1368 test result(s)

rng=RNG_stdin64, seed=0
length= 4 gigabytes (2^32 bytes), time= 113 seconds
  no anomalies in 1448 test result(s)

rng=RNG_stdin64, seed=0
length= 8 gigabytes (2^33 bytes), time= 203 seconds
  no anomalies in 1543 test result(s)

rng=RNG_stdin64, seed=0
length= 16 gigabytes (2^34 bytes), time= 340 seconds
  Test Name                         Raw       Processed     Evaluation
  [Low4/64]FPF-14+6/4:all           R=  +6.3  p =  2.3e-5   unusual          
  ...and 1639 test result(s) without anomalies

rng=RNG_stdin64, seed=0
length= 32 gigabytes (2^35 bytes), time= 582 seconds
  no anomalies in 1713 test result(s)

rng=RNG_stdin64, seed=0
length= 64 gigabytes (2^36 bytes), time= 1128 seconds
  no anomalies in 1807 test result(s)

rng=RNG_stdin64, seed=0
length= 128 gigabytes (2^37 bytes), time= 2421 seconds
  no anomalies in 1902 test result(s)

rng=RNG_stdin64, seed=0
length= 256 gigabytes (2^38 bytes), time= 4878 seconds
  no anomalies in 1983 test result(s)

rng=RNG_stdin64, seed=0
length= 512 gigabytes (2^39 bytes), time= 10410 seconds
  Test Name                         Raw       Processed     Evaluation
  BCFN(0+2,13-0,T)                  R= +10.7  p =  2.8e-5   unusual          
  ...and 2057 test result(s) without anomalies

rng=RNG_stdin64, seed=0
length= 1 terabyte (2^40 bytes), time= 20525 seconds
  Test Name                         Raw       Processed     Evaluation
  BCFN(0+2,13-0,T)                  R= +12.8  p =  2.2e-6   mildly suspicious
  ...and 2131 test result(s) without anomalies

rng=RNG_stdin64, seed=0
length= 2 terabytes (2^41 bytes), time= 40884 seconds
  Test Name                         Raw       Processed     Evaluation
  BCFN(0+2,13-0,T)                  R= +27.8  p =  2.1e-14    FAIL           
  ...and 2193 test result(s) without anomalies

>>> p0=6, p1=23
RNG_test using PractRand version 0.94
RNG = RNG_stdin64, seed = 0
test set = expanded, folding = extra

rng=RNG_stdin64, seed=0
length= 64 megabytes (2^26 bytes), time= 2.4 seconds
  no anomalies in 1008 test result(s)

rng=RNG_stdin64, seed=0
length= 128 megabytes (2^27 bytes), time= 9.0 seconds
  no anomalies in 1081 test result(s)

rng=RNG_stdin64, seed=0
length= 256 megabytes (2^28 bytes), time= 16.5 seconds
  no anomalies in 1151 test result(s)

rng=RNG_stdin64, seed=0
length= 512 megabytes (2^29 bytes), time= 25.9 seconds
  no anomalies in 1220 test result(s)

rng=RNG_stdin64, seed=0
length= 1 gigabyte (2^30 bytes), time= 40.9 seconds
  no anomalies in 1291 test result(s)

rng=RNG_stdin64, seed=0
length= 2 gigabytes (2^31 bytes), time= 67.9 seconds
  no anomalies in 1368 test result(s)

rng=RNG_stdin64, seed=0
length= 4 gigabytes (2^32 bytes), time= 114 seconds
  no anomalies in 1448 test result(s)

rng=RNG_stdin64, seed=0
length= 8 gigabytes (2^33 bytes), time= 209 seconds
  no anomalies in 1541 test result(s)

rng=RNG_stdin64, seed=0
length= 16 gigabytes (2^34 bytes), time= 389 seconds
  no anomalies in 1639 test result(s)

rng=RNG_stdin64, seed=0
length= 32 gigabytes (2^35 bytes), time= 683 seconds
  no anomalies in 1716 test result(s)

rng=RNG_stdin64, seed=0
length= 64 gigabytes (2^36 bytes), time= 1360 seconds
  no anomalies in 1808 test result(s)

rng=RNG_stdin64, seed=0
length= 128 gigabytes (2^37 bytes), time= 2696 seconds
  no anomalies in 1902 test result(s)

rng=RNG_stdin64, seed=0
length= 256 gigabytes (2^38 bytes), time= 5018 seconds
  no anomalies in 1983 test result(s)

rng=RNG_stdin64, seed=0
length= 512 gigabytes (2^39 bytes), time= 10266 seconds
  no anomalies in 2058 test result(s)

rng=RNG_stdin64, seed=0
length= 1 terabyte (2^40 bytes), time= 20623 seconds
  Test Name                         Raw       Processed     Evaluation
  BCFN(0+2,13-0,T)                  R= +11.6  p =  9.4e-6   mildly suspicious
  ...and 2131 test result(s) without anomalies

rng=RNG_stdin64, seed=0
length= 2 terabytes (2^41 bytes), time= 41028 seconds
  Test Name                         Raw       Processed     Evaluation
  BCFN(0+2,13-0,T)                  R= +26.1  p =  1.6e-13    FAIL           
  ...and 2193 test result(s) without anomalies

>>> p0=6, p1=24
RNG_test using PractRand version 0.94
RNG = RNG_stdin64, seed = 0
test set = expanded, folding = extra

rng=RNG_stdin64, seed=0
length= 64 megabytes (2^26 bytes), time= 2.4 seconds
  no anomalies in 1008 test result(s)

rng=RNG_stdin64, seed=0
length= 128 megabytes (2^27 bytes), time= 8.3 seconds
  no anomalies in 1081 test result(s)

rng=RNG_stdin64, seed=0
length= 256 megabytes (2^28 bytes), time= 15.9 seconds
  no anomalies in 1151 test result(s)

rng=RNG_stdin64, seed=0
length= 512 megabytes (2^29 bytes), time= 25.3 seconds
  no anomalies in 1220 test result(s)

rng=RNG_stdin64, seed=0
length= 1 gigabyte (2^30 bytes), time= 40.6 seconds
  no anomalies in 1292 test result(s)

rng=RNG_stdin64, seed=0
length= 2 gigabytes (2^31 bytes), time= 64.3 seconds
  no anomalies in 1368 test result(s)

rng=RNG_stdin64, seed=0
length= 4 gigabytes (2^32 bytes), time= 107 seconds
  no anomalies in 1448 test result(s)

rng=RNG_stdin64, seed=0
length= 8 gigabytes (2^33 bytes), time= 202 seconds
  no anomalies in 1542 test result(s)

rng=RNG_stdin64, seed=0
length= 16 gigabytes (2^34 bytes), time= 379 seconds
  no anomalies in 1637 test result(s)

rng=RNG_stdin64, seed=0
length= 32 gigabytes (2^35 bytes), time= 686 seconds
  no anomalies in 1718 test result(s)

rng=RNG_stdin64, seed=0
length= 64 gigabytes (2^36 bytes), time= 1404 seconds
  no anomalies in 1808 test result(s)

rng=RNG_stdin64, seed=0
length= 128 gigabytes (2^37 bytes), time= 2638 seconds
  no anomalies in 1903 test result(s)

rng=RNG_stdin64, seed=0
length= 256 gigabytes (2^38 bytes), time= 4843 seconds
  Test Name                         Raw       Processed     Evaluation
  FPF-14+6/64:cross                 R=  -2.9  p =1-1.4e-5   unusual          
  ...and 1982 test result(s) without anomalies

rng=RNG_stdin64, seed=0
length= 512 gigabytes (2^39 bytes), time= 10448 seconds
  no anomalies in 2058 test result(s)

rng=RNG_stdin64, seed=0
length= 1 terabyte (2^40 bytes), time= 20543 seconds
  no anomalies in 2132 test result(s)

rng=RNG_stdin64, seed=0
length= 2 terabytes (2^41 bytes), time= 40577 seconds
  Test Name                         Raw       Processed     Evaluation
  mod3n(0):(2,9-0)                  R= +15.4  p =  1.5e-8   very suspicious  
  ...and 2193 test result(s) without anomalies

rng=RNG_stdin64, seed=0
length= 4 terabytes (2^42 bytes), time= 83729 seconds
  Test Name                         Raw       Processed     Evaluation
  mod3n(0):(2,9-0)                  R= +32.9  p =  4.8e-18    FAIL !         
  ...and 2254 test result(s) without anomalies

>>> p0=6, p1=25
RNG_test using PractRand version 0.94
RNG = RNG_stdin64, seed = 0
test set = expanded, folding = extra

rng=RNG_stdin64, seed=0
length= 256 gigabytes (2^38 bytes), time= 4932 seconds
  no anomalies in 1983 test result(s)

rng=RNG_stdin64, seed=0
length= 512 gigabytes (2^39 bytes), time= 10180 seconds
  no anomalies in 2058 test result(s)

rng=RNG_stdin64, seed=0
length= 1 terabyte (2^40 bytes), time= 20396 seconds
  Test Name                         Raw       Processed     Evaluation
  BCFN(0+2,13-0,T)                  R= +10.9  p =  2.2e-5   unusual          
  ...and 2131 test result(s) without anomalies

rng=RNG_stdin64, seed=0
length= 2 terabytes (2^41 bytes), time= 40969 seconds
  Test Name                         Raw       Processed     Evaluation
  BCFN(0+2,13-0,T)                  R= +21.5  p =  4.9e-11   VERY SUSPICIOUS 
  ...and 2193 test result(s) without anomalies

rng=RNG_stdin64, seed=0
length= 4 terabytes (2^42 bytes), time= 83637 seconds
  Test Name                         Raw       Processed     Evaluation
  BCFN(0+2,13-0,T)                  R= +38.2  p =  5.9e-20    FAIL !         
  BCFN(0+4,13-0,T)                  R= +11.8  p =  7.2e-6   mildly suspicious
  ...and 2253 test result(s) without anomalies

>>> p0=6, p1=26
RNG_test using PractRand version 0.94
RNG = RNG_stdin64, seed = 0
test set = expanded, folding = extra

rng=RNG_stdin64, seed=0
length= 256 gigabytes (2^38 bytes), time= 4935 seconds
  no anomalies in 1983 test result(s)

rng=RNG_stdin64, seed=0
length= 512 gigabytes (2^39 bytes), time= 10213 seconds
  no anomalies in 2058 test result(s)

rng=RNG_stdin64, seed=0
length= 1 terabyte (2^40 bytes), time= 20512 seconds
  Test Name                         Raw       Processed     Evaluation
  mod3n(0):(2,9-0)                  R= +14.1  p =  7.8e-8   suspicious       
  ...and 2131 test result(s) without anomalies

rng=RNG_stdin64, seed=0
length= 2 terabytes (2^41 bytes), time= 40779 seconds
  Test Name                         Raw       Processed     Evaluation
  mod3n(0):(2,9-0)                  R= +31.3  p =  3.6e-17    FAIL !         
  ...and 2193 test result(s) without anomalies

>>> p0=6, p1=27
RNG_test using PractRand version 0.94
RNG = RNG_stdin64, seed = 0
test set = expanded, folding = extra

rng=RNG_stdin64, seed=0
length= 256 gigabytes (2^38 bytes), time= 4728 seconds
  no anomalies in 1983 test result(s)

rng=RNG_stdin64, seed=0
length= 512 gigabytes (2^39 bytes), time= 10273 seconds
  Test Name                         Raw       Processed     Evaluation
  [Low4/32]DC6-9x1Bytes-1           R= +14.4  p =  7.5e-6   suspicious       
  ...and 2057 test result(s) without anomalies

rng=RNG_stdin64, seed=0
length= 1 terabyte (2^40 bytes), time= 20293 seconds
  Test Name                         Raw       Processed     Evaluation
  BCFN(0+2,13-0,T)                  R= +14.0  p =  4.8e-7   suspicious       
  [Low1/8]FPF-14+6/4:cross          R=  +5.2  p =  9.9e-5   unusual          
  [Low4/32]DC6-9x1Bytes-1           R= +26.3  p =  5.8e-10   VERY SUSPICIOUS 
  ...and 2129 test result(s) without anomalies

rng=RNG_stdin64, seed=0
length= 2 terabytes (2^41 bytes), time= 40280 seconds
  Test Name                         Raw       Processed     Evaluation
  BCFN(0+2,13-0,T)                  R= +24.9  p =  7.8e-13    FAIL           
  [Low4/32]DC6-9x1Bytes-1           R= +51.8  p =  8.4e-19    FAIL !         
  ...and 2192 test result(s) without anomalies

>>> p0=6, p1=29
RNG_test using PractRand version 0.94
RNG = RNG_stdin64, seed = 0
test set = expanded, folding = extra

rng=RNG_stdin64, seed=0
length= 256 gigabytes (2^38 bytes), time= 4969 seconds
  no anomalies in 1983 test result(s)

rng=RNG_stdin64, seed=0
length= 512 gigabytes (2^39 bytes), time= 10272 seconds
  no anomalies in 2058 test result(s)

rng=RNG_stdin64, seed=0
length= 1 terabyte (2^40 bytes), time= 20499 seconds
  Test Name                         Raw       Processed     Evaluation
  BCFN(0+2,13-0,T)                  R= +11.7  p =  8.2e-6   mildly suspicious
  ...and 2131 test result(s) without anomalies

rng=RNG_stdin64, seed=0
length= 2 terabytes (2^41 bytes), time= 40612 seconds
  Test Name                         Raw       Processed     Evaluation
  BCFN(0+2,13-0,T)                  R= +18.6  p =  1.7e-9    VERY SUSPICIOUS 
  ...and 2193 test result(s) without anomalies

rng=RNG_stdin64, seed=0
length= 4 terabytes (2^42 bytes), time= 82550 seconds
  Test Name                         Raw       Processed     Evaluation
  BCFN(0+2,13-0,T)                  R= +30.1  p =  1.2e-15    FAIL !         
  ...and 2254 test result(s) without anomalies

>>> p0=6, p1=31
RNG_test using PractRand version 0.94
RNG = RNG_stdin64, seed = 0
test set = expanded, folding = extra

rng=RNG_stdin64, seed=0
length= 256 gigabytes (2^38 bytes), time= 4986 seconds
  no anomalies in 1983 test result(s)

rng=RNG_stdin64, seed=0
length= 512 gigabytes (2^39 bytes), time= 10282 seconds
  no anomalies in 2058 test result(s)

rng=RNG_stdin64, seed=0
length= 1 terabyte (2^40 bytes), time= 20504 seconds
  no anomalies in 2132 test result(s)

rng=RNG_stdin64, seed=0
length= 2 terabytes (2^41 bytes), time= 40609 seconds
  Test Name                         Raw       Processed     Evaluation
  BCFN(0+2,13-0,T)                  R=  +9.9  p =  7.9e-5   unusual          
  ...and 2193 test result(s) without anomalies

rng=RNG_stdin64, seed=0
length= 4 terabytes (2^42 bytes), time= 82392 seconds
  Test Name                         Raw       Processed     Evaluation
  BCFN(0+2,13-0,T)                  R= +24.8  p =  8.1e-13    FAIL           
  ...and 2254 test result(s) without anomalies

>>> p0=7, p1=8
RNG_test using PractRand version 0.94
RNG = RNG_stdin64, seed = 0
test set = expanded, folding = extra

rng=RNG_stdin64, seed=0
length= 256 gigabytes (2^38 bytes), time= 4999 seconds
  Test Name                         Raw       Processed     Evaluation
  [Low4/32]DC6-9x1Bytes-1           R=  +7.6  p =  4.4e-5   mildly suspicious
  ...and 1982 test result(s) without anomalies

rng=RNG_stdin64, seed=0
length= 512 gigabytes (2^39 bytes), time= 10321 seconds
  Test Name                         Raw       Processed     Evaluation
  BCFN(0+2,13-0,T)                  R=  +9.4  p =  1.4e-4   unusual          
  [Low4/32]DC6-9x1Bytes-1           R= +21.9  p =  1.8e-8   very suspicious  
  ...and 2056 test result(s) without anomalies

rng=RNG_stdin64, seed=0
length= 1 terabyte (2^40 bytes), time= 20544 seconds
  Test Name                         Raw       Processed     Evaluation
  [Low4/32]DC6-9x1Bytes-1           R= +46.3  p =  6.9e-17    FAIL !         
  ...and 2131 test result(s) without anomalies

>>> p0=7, p1=10
RNG_test using PractRand version 0.94
RNG = RNG_stdin64, seed = 0
test set = expanded, folding = extra

rng=RNG_stdin64, seed=0
length= 256 gigabytes (2^38 bytes), time= 4991 seconds
  no anomalies in 1983 test result(s)

rng=RNG_stdin64, seed=0
length= 512 gigabytes (2^39 bytes), time= 10234 seconds
  no anomalies in 2058 test result(s)

rng=RNG_stdin64, seed=0
length= 1 terabyte (2^40 bytes), time= 20516 seconds
  Test Name                         Raw       Processed     Evaluation
  [Low4/32]DC6-9x1Bytes-1           R= +11.9  p =  5.6e-5   mildly suspicious
  ...and 2131 test result(s) without anomalies

rng=RNG_stdin64, seed=0
length= 2 terabytes (2^41 bytes), time= 40774 seconds
  Test Name                         Raw       Processed     Evaluation
  BCFN(0+2,13-0,T)                  R= +20.8  p =  1.1e-10   VERY SUSPICIOUS 
  [Low4/32]DC6-9x1Bytes-1           R= +22.8  p =  9.2e-9    VERY SUSPICIOUS 
  ...and 2192 test result(s) without anomalies

rng=RNG_stdin64, seed=0
length= 4 terabytes (2^42 bytes), time= 83175 seconds
  Test Name                         Raw       Processed     Evaluation
  BCFN(0+2,13-0,T)                  R= +42.8  p =  2.0e-22    FAIL !!        
  [Low4/32]DC6-9x1Bytes-1           R= +40.8  p =  5.2e-15    FAIL !         
  ...and 2253 test result(s) without anomalies

>>> p0=7, p1=11
RNG_test using PractRand version 0.94
RNG = RNG_stdin64, seed = 0
test set = expanded, folding = extra

rng=RNG_stdin64, seed=0
length= 256 gigabytes (2^38 bytes), time= 4867 seconds
  no anomalies in 1983 test result(s)

rng=RNG_stdin64, seed=0
length= 512 gigabytes (2^39 bytes), time= 10431 seconds
  no anomalies in 2058 test result(s)

rng=RNG_stdin64, seed=0
length= 1 terabyte (2^40 bytes), time= 20408 seconds
  no anomalies in 2132 test result(s)

rng=RNG_stdin64, seed=0
length= 2 terabytes (2^41 bytes), time= 40581 seconds
  Test Name                         Raw       Processed     Evaluation
  mod3n(0):(2,9-0)                  R= +11.0  p =  3.6e-6   mildly suspicious
  ...and 2193 test result(s) without anomalies

rng=RNG_stdin64, seed=0
length= 4 terabytes (2^42 bytes), time= 83099 seconds
  Test Name                         Raw       Processed     Evaluation
  mod3n(0):(2,9-0)                  R= +15.2  p =  2.0e-8   very suspicious  
  ...and 2254 test result(s) without anomalies

>>> p0=7, p1=12
RNG_test using PractRand version 0.94
RNG = RNG_stdin64, seed = 0
test set = expanded, folding = extra

rng=RNG_stdin64, seed=0
length= 256 gigabytes (2^38 bytes), time= 4915 seconds
  no anomalies in 1983 test result(s)

rng=RNG_stdin64, seed=0
length= 512 gigabytes (2^39 bytes), time= 10106 seconds
  no anomalies in 2058 test result(s)

rng=RNG_stdin64, seed=0
length= 1 terabyte (2^40 bytes), time= 20678 seconds
  no anomalies in 2132 test result(s)

rng=RNG_stdin64, seed=0
length= 2 terabytes (2^41 bytes), time= 40610 seconds
  Test Name                         Raw       Processed     Evaluation
  BCFN(0+2,13-0,T)                  R= +14.9  p =  1.6e-7   very suspicious  
  ...and 2193 test result(s) without anomalies

rng=RNG_stdin64, seed=0
length= 4 terabytes (2^42 bytes), time= 83014 seconds
  Test Name                         Raw       Processed     Evaluation
  BCFN(0+2,13-0,T)                  R= +25.0  p =  6.3e-13    FAIL           
  ...and 2254 test result(s) without anomalies

>>> p0=7, p1=13
RNG_test using PractRand version 0.94
RNG = RNG_stdin64, seed = 0
test set = expanded, folding = extra

rng=RNG_stdin64, seed=0
length= 256 gigabytes (2^38 bytes), time= 4918 seconds
  no anomalies in 1983 test result(s)

rng=RNG_stdin64, seed=0
length= 512 gigabytes (2^39 bytes), time= 10075 seconds
  no anomalies in 2058 test result(s)

rng=RNG_stdin64, seed=0
length= 1 terabyte (2^40 bytes), time= 20634 seconds
  no anomalies in 2132 test result(s)

rng=RNG_stdin64, seed=0
length= 2 terabytes (2^41 bytes), time= 40768 seconds
  Test Name                         Raw       Processed     Evaluation
  mod3n(0):(2,9-0)                  R= +12.0  p =  1.1e-6   mildly suspicious
  ...and 2193 test result(s) without anomalies

rng=RNG_stdin64, seed=0
length= 4 terabytes (2^42 bytes), time= 83402 seconds
  Test Name                         Raw       Processed     Evaluation
  mod3n(0):(2,9-0)                  R= +24.1  p =  2.8e-13    FAIL           
  ...and 2254 test result(s) without anomalies

>>> p0=7, p1=16
RNG_test using PractRand version 0.94
RNG = RNG_stdin64, seed = 0
test set = expanded, folding = extra

rng=RNG_stdin64, seed=0
length= 256 gigabytes (2^38 bytes), time= 4962 seconds
  no anomalies in 1983 test result(s)

rng=RNG_stdin64, seed=0
length= 512 gigabytes (2^39 bytes), time= 10195 seconds
  no anomalies in 2059 test result(s)

rng=RNG_stdin64, seed=0
length= 1 terabyte (2^40 bytes), time= 20836 seconds
  no anomalies in 2132 test result(s)

rng=RNG_stdin64, seed=0
length= 2 terabytes (2^41 bytes), time= 41013 seconds
  no anomalies in 2194 test result(s)

rng=RNG_stdin64, seed=0
length= 4 terabytes (2^42 bytes), time= 83865 seconds
  no anomalies in 2255 test result(s)

>>> p0=7, p1=17
RNG_test using PractRand version 0.94
RNG = RNG_stdin64, seed = 0
test set = expanded, folding = extra

rng=RNG_stdin64, seed=0
length= 256 gigabytes (2^38 bytes), time= 4971 seconds
  no anomalies in 1983 test result(s)

rng=RNG_stdin64, seed=0
length= 512 gigabytes (2^39 bytes), time= 10197 seconds
  no anomalies in 2058 test result(s)

rng=RNG_stdin64, seed=0
length= 1 terabyte (2^40 bytes), time= 20847 seconds
  no anomalies in 2132 test result(s)

rng=RNG_stdin64, seed=0
length= 2 terabytes (2^41 bytes), time= 41020 seconds
  Test Name                         Raw       Processed     Evaluation
  BCFN(0+2,13-0,T)                  R= +19.0  p =  1.0e-9    VERY SUSPICIOUS 
  mod3n(0):(2,9-0)                  R=  +9.5  p =  2.5e-5   unusual          
  ...and 2192 test result(s) without anomalies

rng=RNG_stdin64, seed=0
length= 4 terabytes (2^42 bytes), time= 83462 seconds
  Test Name                         Raw       Processed     Evaluation
  BCFN(0+2,13-0,T)                  R= +34.4  p =  6.5e-18    FAIL !         
  mod3n(0):(2,9-0)                  R= +17.0  p =  2.0e-9   very suspicious  
  ...and 2253 test result(s) without anomalies

>>> p0=7, p1=18
RNG_test using PractRand version 0.94
RNG = RNG_stdin64, seed = 0
test set = expanded, folding = extra

rng=RNG_stdin64, seed=0
length= 256 gigabytes (2^38 bytes), time= 4958 seconds
  no anomalies in 1983 test result(s)

rng=RNG_stdin64, seed=0
length= 512 gigabytes (2^39 bytes), time= 10197 seconds
  no anomalies in 2058 test result(s)

rng=RNG_stdin64, seed=0
length= 1 terabyte (2^40 bytes), time= 20853 seconds
  no anomalies in 2132 test result(s)

rng=RNG_stdin64, seed=0
length= 2 terabytes (2^41 bytes), time= 40908 seconds
  no anomalies in 2194 test result(s)

rng=RNG_stdin64, seed=0
length= 4 terabytes (2^42 bytes), time= 83510 seconds
  Test Name                         Raw       Processed     Evaluation
  [Low8/64]Gap-16:A                 R=  -5.5  p =1-1.7e-4   unusual          
  ...and 2254 test result(s) without anomalies

>>> p0=7, p1=19
RNG_test using PractRand version 0.94
RNG = RNG_stdin64, seed = 0
test set = expanded, folding = extra

rng=RNG_stdin64, seed=0
length= 256 gigabytes (2^38 bytes), time= 4957 seconds
  no anomalies in 1983 test result(s)

rng=RNG_stdin64, seed=0
length= 512 gigabytes (2^39 bytes), time= 10095 seconds
  no anomalies in 2058 test result(s)

rng=RNG_stdin64, seed=0
length= 1 terabyte (2^40 bytes), time= 20671 seconds
  no anomalies in 2132 test result(s)

rng=RNG_stdin64, seed=0
length= 2 terabytes (2^41 bytes), time= 40710 seconds
  Test Name                         Raw       Processed     Evaluation
  BCFN(0+2,13-0,T)                  R= +16.3  p =  3.1e-8   very suspicious  
  mod3n(0):(2,9-0)                  R= +12.9  p =  3.3e-7   suspicious       
  ...and 2192 test result(s) without anomalies

rng=RNG_stdin64, seed=0
length= 4 terabytes (2^42 bytes), time= 83267 seconds
  Test Name                         Raw       Processed     Evaluation
  BCFN(0+2,13-0,T)                  R= +36.7  p =  3.8e-19    FAIL !         
  mod3n(0):(2,9-0)                  R= +22.2  p =  3.2e-12   VERY SUSPICIOUS 
  ...and 2253 test result(s) without anomalies

>>> p0=7, p1=20
RNG_test using PractRand version 0.94
RNG = RNG_stdin64, seed = 0
test set = expanded, folding = extra

rng=RNG_stdin64, seed=0
length= 256 gigabytes (2^38 bytes), time= 4965 seconds
  no anomalies in 1983 test result(s)

rng=RNG_stdin64, seed=0
length= 512 gigabytes (2^39 bytes), time= 10176 seconds
  no anomalies in 2058 test result(s)

rng=RNG_stdin64, seed=0
length= 1 terabyte (2^40 bytes), time= 20741 seconds
  no anomalies in 2132 test result(s)

rng=RNG_stdin64, seed=0
length= 2 terabytes (2^41 bytes), time= 40750 seconds
  no anomalies in 2194 test result(s)

rng=RNG_stdin64, seed=0
length= 4 terabytes (2^42 bytes), time= 83342 seconds
  Test Name                         Raw       Processed     Evaluation
  BCFN(0+2,13-0,T)                  R=  +9.4  p =  1.5e-4   unusual          
  ...and 2254 test result(s) without anomalies

>>> p0=7, p1=21
RNG_test using PractRand version 0.94
RNG = RNG_stdin64, seed = 0
test set = expanded, folding = extra

rng=RNG_stdin64, seed=0
length= 256 gigabytes (2^38 bytes), time= 4952 seconds
  no anomalies in 1983 test result(s)

rng=RNG_stdin64, seed=0
length= 512 gigabytes (2^39 bytes), time= 10154 seconds
  no anomalies in 2058 test result(s)

rng=RNG_stdin64, seed=0
length= 1 terabyte (2^40 bytes), time= 20772 seconds
  no anomalies in 2132 test result(s)

rng=RNG_stdin64, seed=0
length= 2 terabytes (2^41 bytes), time= 40810 seconds
  Test Name                         Raw       Processed     Evaluation
  mod3n(0):(2,9-0)                  R= +10.0  p =  1.3e-5   unusual          
  ...and 2193 test result(s) without anomalies

rng=RNG_stdin64, seed=0
length= 4 terabytes (2^42 bytes), time= 83230 seconds
  Test Name                         Raw       Processed     Evaluation
  BCFN(0+2,13-0,T)                  R= +13.5  p =  9.0e-7   suspicious       
  mod3n(0):(2,9-0)                  R= +19.3  p =  1.1e-10   VERY SUSPICIOUS 
  ...and 2253 test result(s) without anomalies

>>> p0=7, p1=22
RNG_test using PractRand version 0.94
RNG = RNG_stdin64, seed = 0
test set = expanded, folding = extra

rng=RNG_stdin64, seed=0
length= 256 gigabytes (2^38 bytes), time= 4986 seconds
  no anomalies in 1983 test result(s)

rng=RNG_stdin64, seed=0
length= 512 gigabytes (2^39 bytes), time= 10210 seconds
  Test Name                         Raw       Processed     Evaluation
  BCFN(0+2,13-0,T)                  R= +11.4  p =  1.3e-5   mildly suspicious
  ...and 2057 test result(s) without anomalies

rng=RNG_stdin64, seed=0
length= 1 terabyte (2^40 bytes), time= 20762 seconds
  Test Name                         Raw       Processed     Evaluation
  BCFN(0+2,13-0,T)                  R= +13.5  p =  9.8e-7   suspicious       
  ...and 2131 test result(s) without anomalies

rng=RNG_stdin64, seed=0
length= 2 terabytes (2^41 bytes), time= 41063 seconds
  Test Name                         Raw       Processed     Evaluation
  BCFN(0+2,13-0,T)                  R= +23.0  p =  7.7e-12   VERY SUSPICIOUS 
  ...and 2193 test result(s) without anomalies

rng=RNG_stdin64, seed=0
length= 4 terabytes (2^42 bytes), time= 83766 seconds
  Test Name                         Raw       Processed     Evaluation
  BCFN(0+2,13-0,T)                  R= +46.8  p =  1.4e-24    FAIL !!        
  ...and 2254 test result(s) without anomalies

>>> p0=7, p1=24
RNG_test using PractRand version 0.94
RNG = RNG_stdin64, seed = 0
test set = expanded, folding = extra

rng=RNG_stdin64, seed=0
length= 256 gigabytes (2^38 bytes), time= 5038 seconds
  no anomalies in 1983 test result(s)

rng=RNG_stdin64, seed=0
length= 512 gigabytes (2^39 bytes), time= 10276 seconds
  no anomalies in 2058 test result(s)

rng=RNG_stdin64, seed=0
length= 1 terabyte (2^40 bytes), time= 20713 seconds
  Test Name                         Raw       Processed     Evaluation
  BCFN(0+2,13-0,T)                  R= +14.5  p =  2.7e-7   suspicious       
  ...and 2131 test result(s) without anomalies

rng=RNG_stdin64, seed=0
length= 2 terabytes (2^41 bytes), time= 41204 seconds
  Test Name                         Raw       Processed     Evaluation
  BCFN(0+2,13-0,T)                  R= +24.2  p =  1.7e-12    FAIL           
  ...and 2193 test result(s) without anomalies

>>> p0=7, p1=25
RNG_test using PractRand version 0.94
RNG = RNG_stdin64, seed = 0
test set = expanded, folding = extra

rng=RNG_stdin64, seed=0
length= 256 gigabytes (2^38 bytes), time= 5009 seconds
  no anomalies in 1984 test result(s)

rng=RNG_stdin64, seed=0
length= 512 gigabytes (2^39 bytes), time= 10262 seconds
  no anomalies in 2058 test result(s)

rng=RNG_stdin64, seed=0
length= 1 terabyte (2^40 bytes), time= 20938 seconds
  no anomalies in 2132 test result(s)

rng=RNG_stdin64, seed=0
length= 2 terabytes (2^41 bytes), time= 41046 seconds
  no anomalies in 2194 test result(s)

rng=RNG_stdin64, seed=0
length= 4 terabytes (2^42 bytes), time= 83935 seconds
  Test Name                         Raw       Processed     Evaluation
  mod3n(0):(2,9-0)                  R= +15.5  p =  1.4e-8   very suspicious  
  ...and 2254 test result(s) without anomalies

>>> p0=7, p1=26
RNG_test using PractRand version 0.94
RNG = RNG_stdin64, seed = 0
test set = expanded, folding = extra

rng=RNG_stdin64, seed=0
length= 256 gigabytes (2^38 bytes), time= 4983 seconds
  no anomalies in 1983 test result(s)

rng=RNG_stdin64, seed=0
length= 512 gigabytes (2^39 bytes), time= 10185 seconds
  no anomalies in 2058 test result(s)

rng=RNG_stdin64, seed=0
length= 1 terabyte (2^40 bytes), time= 20842 seconds
  no anomalies in 2132 test result(s)

rng=RNG_stdin64, seed=0
length= 2 terabytes (2^41 bytes), time= 41362 seconds
  Test Name                         Raw       Processed     Evaluation
  BCFN(0+2,13-0,T)                  R= +19.3  p =  7.5e-10   VERY SUSPICIOUS 
  ...and 2193 test result(s) without anomalies

rng=RNG_stdin64, seed=0
length= 4 terabytes (2^42 bytes), time= 84145 seconds
  Test Name                         Raw       Processed     Evaluation
  BCFN(0+2,13-0,T)                  R= +33.5  p =  2.0e-17    FAIL !         
  ...and 2254 test result(s) without anomalies

>>> p0=7, p1=28
RNG_test using PractRand version 0.94
RNG = RNG_stdin64, seed = 0
test set = expanded, folding = extra

rng=RNG_stdin64, seed=0
length= 256 gigabytes (2^38 bytes), time= 5080 seconds
  no anomalies in 1983 test result(s)

rng=RNG_stdin64, seed=0
length= 512 gigabytes (2^39 bytes), time= 10348 seconds
  no anomalies in 2058 test result(s)

rng=RNG_stdin64, seed=0
length= 1 terabyte (2^40 bytes), time= 20815 seconds
  no anomalies in 2132 test result(s)

rng=RNG_stdin64, seed=0
length= 2 terabytes (2^41 bytes), time= 41329 seconds
  Test Name                         Raw       Processed     Evaluation
  BCFN(0+2,13-0,T)                  R= +24.5  p =  1.2e-12    FAIL           
  ...and 2193 test result(s) without anomalies

>>> p0=7, p1=30
RNG_test using PractRand version 0.94
RNG = RNG_stdin64, seed = 0
test set = expanded, folding = extra

rng=RNG_stdin64, seed=0
length= 256 gigabytes (2^38 bytes), time= 4976 seconds
  no anomalies in 1983 test result(s)

rng=RNG_stdin64, seed=0
length= 512 gigabytes (2^39 bytes), time= 10178 seconds
  no anomalies in 2058 test result(s)

rng=RNG_stdin64, seed=0
length= 1 terabyte (2^40 bytes), time= 20869 seconds
  Test Name                         Raw       Processed     Evaluation
  BCFN(0+2,13-0,T)                  R=  +9.4  p =  1.5e-4   unusual          
  [Low4/64]FPF-14+6/4:cross         R=  +5.3  p =  8.0e-5   unusual          
  ...and 2130 test result(s) without anomalies

rng=RNG_stdin64, seed=0
length= 2 terabytes (2^41 bytes), time= 41038 seconds
  Test Name                         Raw       Processed     Evaluation
  BCFN(0+2,13-0,T)                  R= +17.5  p =  6.7e-9   very suspicious  
  ...and 2193 test result(s) without anomalies

rng=RNG_stdin64, seed=0
length= 4 terabytes (2^42 bytes), time= 83861 seconds
  Test Name                         Raw       Processed     Evaluation
  BCFN(0+2,13-0,T)                  R= +28.9  p =  5.2e-15    FAIL           
  ...and 2254 test result(s) without anomalies

>>> p0=8, p1=1
RNG_test using PractRand version 0.94
RNG = RNG_stdin64, seed = 0
test set = expanded, folding = extra

rng=RNG_stdin64, seed=0
length= 256 gigabytes (2^38 bytes), time= 4987 seconds
  no anomalies in 1983 test result(s)

rng=RNG_stdin64, seed=0
length= 512 gigabytes (2^39 bytes), time= 10210 seconds
  no anomalies in 2058 test result(s)

rng=RNG_stdin64, seed=0
length= 1 terabyte (2^40 bytes), time= 20827 seconds
  Test Name                         Raw       Processed     Evaluation
  BCFN(0+2,13-0,T)                  R= +19.7  p =  4.8e-10   VERY SUSPICIOUS 
  ...and 2131 test result(s) without anomalies

rng=RNG_stdin64, seed=0
length= 2 terabytes (2^41 bytes), time= 41028 seconds
  Test Name                         Raw       Processed     Evaluation
  BCFN(0+2,13-0,T)                  R= +31.0  p =  4.2e-16    FAIL !         
  ...and 2193 test result(s) without anomalies

>>> p0=8, p1=3
RNG_test using PractRand version 0.94
RNG = RNG_stdin64, seed = 0
test set = expanded, folding = extra

rng=RNG_stdin64, seed=0
length= 256 gigabytes (2^38 bytes), time= 4982 seconds
  no anomalies in 1983 test result(s)

rng=RNG_stdin64, seed=0
length= 512 gigabytes (2^39 bytes), time= 10503 seconds
  no anomalies in 2058 test result(s)

rng=RNG_stdin64, seed=0
length= 1 terabyte (2^40 bytes), time= 20728 seconds
  no anomalies in 2132 test result(s)

rng=RNG_stdin64, seed=0
length= 2 terabytes (2^41 bytes), time= 41176 seconds
  no anomalies in 2194 test result(s)

rng=RNG_stdin64, seed=0
length= 4 terabytes (2^42 bytes), time= 83908 seconds
  Test Name                         Raw       Processed     Evaluation
  BCFN(0+0,13-0,T)                  R=  -8.7  p =1-1.3e-4   unusual          
  ...and 2254 test result(s) without anomalies

>>> p0=8, p1=5
RNG_test using PractRand version 0.94
RNG = RNG_stdin64, seed = 0
test set = expanded, folding = extra

rng=RNG_stdin64, seed=0
length= 256 gigabytes (2^38 bytes), time= 4958 seconds
  no anomalies in 1983 test result(s)

rng=RNG_stdin64, seed=0
length= 512 gigabytes (2^39 bytes), time= 10498 seconds
  no anomalies in 2058 test result(s)

rng=RNG_stdin64, seed=0
length= 1 terabyte (2^40 bytes), time= 20717 seconds
  Test Name                         Raw       Processed     Evaluation
  BCFN(0+2,13-0,T)                  R= +14.3  p =  3.7e-7   suspicious       
  ...and 2131 test result(s) without anomalies

rng=RNG_stdin64, seed=0
length= 2 terabytes (2^41 bytes), time= 41162 seconds
  Test Name                         Raw       Processed     Evaluation
  BCFN(0+2,13-0,T)                  R= +29.1  p =  4.5e-15    FAIL           
  ...and 2193 test result(s) without anomalies

>>> p0=8, p1=6
RNG_test using PractRand version 0.94
RNG = RNG_stdin64, seed = 0
test set = expanded, folding = extra

rng=RNG_stdin64, seed=0
length= 256 gigabytes (2^38 bytes), time= 5144 seconds
  no anomalies in 1983 test result(s)

rng=RNG_stdin64, seed=0
length= 512 gigabytes (2^39 bytes), time= 10273 seconds
  no anomalies in 2058 test result(s)

rng=RNG_stdin64, seed=0
length= 1 terabyte (2^40 bytes), time= 20972 seconds
  no anomalies in 2132 test result(s)

rng=RNG_stdin64, seed=0
length= 2 terabytes (2^41 bytes), time= 41194 seconds
  Test Name                         Raw       Processed     Evaluation
  mod3n(0):(2,9-0)                  R= +13.3  p =  2.0e-7   suspicious       
  ...and 2193 test result(s) without anomalies

rng=RNG_stdin64, seed=0
length= 4 terabytes (2^42 bytes), time= 84340 seconds
  Test Name                         Raw       Processed     Evaluation
  mod3n(0):(2,9-0)                  R= +22.0  p =  4.1e-12   VERY SUSPICIOUS 
  [Low4/32]DC6-9x1Bytes-1           R= +10.4  p =  1.8e-4   unusual          
  ...and 2253 test result(s) without anomalies

>>> p0=8, p1=9
RNG_test using PractRand version 0.94
RNG = RNG_stdin64, seed = 0
test set = expanded, folding = extra

rng=RNG_stdin64, seed=0
length= 256 gigabytes (2^38 bytes), time= 5173 seconds
  Test Name                         Raw       Processed     Evaluation
  [Low4/32]DC6-9x1Bytes-1           R=  +7.1  p =  9.2e-5   mildly suspicious
  ...and 1982 test result(s) without anomalies

rng=RNG_stdin64, seed=0
length= 512 gigabytes (2^39 bytes), time= 10308 seconds
  Test Name                         Raw       Processed     Evaluation
  [Low4/32]DC6-9x1Bytes-1           R= +15.5  p =  3.0e-6   suspicious       
  ...and 2057 test result(s) without anomalies

rng=RNG_stdin64, seed=0
length= 1 terabyte (2^40 bytes), time= 21024 seconds
  Test Name                         Raw       Processed     Evaluation
  [Low4/32]DC6-9x1Bytes-1           R= +28.0  p =  1.5e-10   VERY SUSPICIOUS 
  [Low8/32]BCFN(0+0,13-0,T)         R=  +9.5  p =  1.3e-4   unusual          
  ...and 2130 test result(s) without anomalies

rng=RNG_stdin64, seed=0
length= 2 terabytes (2^41 bytes), time= 41307 seconds
  Test Name                         Raw       Processed     Evaluation
  BCFN(0+2,13-0,T)                  R= +17.6  p =  5.9e-9   very suspicious  
  [Low4/32]DC6-9x1Bytes-1           R= +53.0  p =  3.3e-19    FAIL !         
  [Low8/32]BCFN(0+0,13-0,T)         R= +23.0  p =  8.2e-12   VERY SUSPICIOUS 
  ...and 2191 test result(s) without anomalies

