>>> p0=23, p1=0
RNG_test using PractRand version 0.94
RNG = RNG_stdin64, seed = 0
test set = expanded, folding = extra

rng=RNG_stdin64, seed=0
length= 1 kilobyte (2^10 bytes), time= 2.5 seconds
  no anomalies in 16 test result(s)

rng=RNG_stdin64, seed=0
length= 2 kilobytes (2^11 bytes), time= 3.7 seconds
  no anomalies in 21 test result(s)

rng=RNG_stdin64, seed=0
length= 4 kilobytes (2^12 bytes), time= 4.6 seconds
  Test Name                         Raw       Processed     Evaluation
  [Low4/16]FPF-14+6/64:all          R= +15.0  p~=   4e-4    unusual          
  [Low8/32]FPF-14+6/64:all          R= +15.0  p~=   4e-4    unusual          
  ...and 59 test result(s) without anomalies

rng=RNG_stdin64, seed=0
length= 8 kilobytes (2^13 bytes), time= 7.0 seconds
  Test Name                         Raw       Processed     Evaluation
  [Low1/8]DC6-9x1Bytes-1            R=  +8.7  p =  2.5e-3   unusual          
  ...and 125 test result(s) without anomalies

rng=RNG_stdin64, seed=0
length= 16 kilobytes (2^14 bytes), time= 11.1 seconds
  no anomalies in 194 test result(s)

rng=RNG_stdin64, seed=0
length= 32 kilobytes (2^15 bytes), time= 17.2 seconds
  no anomalies in 264 test result(s)

rng=RNG_stdin64, seed=0
length= 64 kilobytes (2^16 bytes), time= 24.5 seconds
  no anomalies in 340 test result(s)

rng=RNG_stdin64, seed=0
length= 128 kilobytes (2^17 bytes), time= 31.6 seconds
  no anomalies in 400 test result(s)

rng=RNG_stdin64, seed=0
length= 256 kilobytes (2^18 bytes), time= 39.6 seconds
  no anomalies in 466 test result(s)

rng=RNG_stdin64, seed=0
length= 512 kilobytes (2^19 bytes), time= 48.1 seconds
  no anomalies in 532 test result(s)

rng=RNG_stdin64, seed=0
length= 1 megabyte (2^20 bytes), time= 56.8 seconds
  no anomalies in 598 test result(s)

rng=RNG_stdin64, seed=0
length= 2 megabytes (2^21 bytes), time= 65.3 seconds
  no anomalies in 664 test result(s)

rng=RNG_stdin64, seed=0
length= 4 megabytes (2^22 bytes), time= 73.3 seconds
  no anomalies in 731 test result(s)

rng=RNG_stdin64, seed=0
length= 8 megabytes (2^23 bytes), time= 81.4 seconds
  no anomalies in 798 test result(s)

rng=RNG_stdin64, seed=0
length= 16 megabytes (2^24 bytes), time= 90.7 seconds
  no anomalies in 868 test result(s)

rng=RNG_stdin64, seed=0
length= 32 megabytes (2^25 bytes), time= 102 seconds
  no anomalies in 937 test result(s)

rng=RNG_stdin64, seed=0
length= 64 megabytes (2^26 bytes), time= 113 seconds
  no anomalies in 1008 test result(s)

rng=RNG_stdin64, seed=0
length= 128 megabytes (2^27 bytes), time= 124 seconds
  no anomalies in 1081 test result(s)

rng=RNG_stdin64, seed=0
length= 256 megabytes (2^28 bytes), time= 137 seconds
  no anomalies in 1151 test result(s)

rng=RNG_stdin64, seed=0
length= 512 megabytes (2^29 bytes), time= 153 seconds
  no anomalies in 1220 test result(s)

rng=RNG_stdin64, seed=0
length= 1 gigabyte (2^30 bytes), time= 180 seconds
  Test Name                         Raw       Processed     Evaluation
  [Low1/64]Gap-16:A                 R=  +6.4  p =  1.1e-4   unusual          
  ...and 1291 test result(s) without anomalies

rng=RNG_stdin64, seed=0
length= 2 gigabytes (2^31 bytes), time= 224 seconds
  no anomalies in 1368 test result(s)

rng=RNG_stdin64, seed=0
length= 4 gigabytes (2^32 bytes), time= 303 seconds
  no anomalies in 1449 test result(s)

rng=RNG_stdin64, seed=0
length= 8 gigabytes (2^33 bytes), time= 464 seconds
  no anomalies in 1542 test result(s)

rng=RNG_stdin64, seed=0
length= 16 gigabytes (2^34 bytes), time= 768 seconds
  no anomalies in 1635 test result(s)

rng=RNG_stdin64, seed=0
length= 32 gigabytes (2^35 bytes), time= 1321 seconds
  no anomalies in 1715 test result(s)

rng=RNG_stdin64, seed=0
length= 64 gigabytes (2^36 bytes), time= 2556 seconds
  no anomalies in 1808 test result(s)

rng=RNG_stdin64, seed=0
length= 128 gigabytes (2^37 bytes), time= 4929 seconds
  no anomalies in 1902 test result(s)

rng=RNG_stdin64, seed=0
length= 256 gigabytes (2^38 bytes), time= 8228 seconds
  no anomalies in 1983 test result(s)

rng=RNG_stdin64, seed=0
length= 512 gigabytes (2^39 bytes), time= 16800 seconds
  no anomalies in 2058 test result(s)

rng=RNG_stdin64, seed=0
length= 1 terabyte (2^40 bytes), time= 34937 seconds
  no anomalies in 2132 test result(s)

rng=RNG_stdin64, seed=0
length= 2 terabytes (2^41 bytes), time= 69588 seconds
  no anomalies in 2194 test result(s)

rng=RNG_stdin64, seed=0
length= 4 terabytes (2^42 bytes), time= 141893 seconds
  Test Name                         Raw       Processed     Evaluation
  BCFN(0+2,13-0,T)                  R= +11.8  p =  7.7e-6   mildly suspicious
  ...and 2254 test result(s) without anomalies

>>> p0=23, p1=2
RNG_test using PractRand version 0.94
RNG = RNG_stdin64, seed = 0
test set = expanded, folding = extra

rng=RNG_stdin64, seed=0
length= 1 kilobyte (2^10 bytes), time= 2.3 seconds
  no anomalies in 16 test result(s)

rng=RNG_stdin64, seed=0
length= 2 kilobytes (2^11 bytes), time= 3.2 seconds
  no anomalies in 21 test result(s)

rng=RNG_stdin64, seed=0
length= 4 kilobytes (2^12 bytes), time= 4.5 seconds
  no anomalies in 61 test result(s)

rng=RNG_stdin64, seed=0
length= 8 kilobytes (2^13 bytes), time= 6.7 seconds
  no anomalies in 126 test result(s)

rng=RNG_stdin64, seed=0
length= 16 kilobytes (2^14 bytes), time= 11.0 seconds
  no anomalies in 194 test result(s)

rng=RNG_stdin64, seed=0
length= 32 kilobytes (2^15 bytes), time= 17.2 seconds
  no anomalies in 264 test result(s)

rng=RNG_stdin64, seed=0
length= 64 kilobytes (2^16 bytes), time= 23.6 seconds
  no anomalies in 340 test result(s)

rng=RNG_stdin64, seed=0
length= 128 kilobytes (2^17 bytes), time= 31.0 seconds
  no anomalies in 400 test result(s)

rng=RNG_stdin64, seed=0
length= 256 kilobytes (2^18 bytes), time= 38.5 seconds
  no anomalies in 466 test result(s)

rng=RNG_stdin64, seed=0
length= 512 kilobytes (2^19 bytes), time= 46.0 seconds
  no anomalies in 532 test result(s)

rng=RNG_stdin64, seed=0
length= 1 megabyte (2^20 bytes), time= 53.4 seconds
  no anomalies in 598 test result(s)

rng=RNG_stdin64, seed=0
length= 2 megabytes (2^21 bytes), time= 61.6 seconds
  no anomalies in 664 test result(s)

rng=RNG_stdin64, seed=0
length= 4 megabytes (2^22 bytes), time= 69.4 seconds
  no anomalies in 731 test result(s)

rng=RNG_stdin64, seed=0
length= 8 megabytes (2^23 bytes), time= 77.4 seconds
  no anomalies in 798 test result(s)

rng=RNG_stdin64, seed=0
length= 16 megabytes (2^24 bytes), time= 85.4 seconds
  Test Name                         Raw       Processed     Evaluation
  [Low1/16]DC6-9x1Bytes-1           R=  +7.7  p =  3.8e-4   unusual          
  ...and 867 test result(s) without anomalies

rng=RNG_stdin64, seed=0
length= 32 megabytes (2^25 bytes), time= 95.0 seconds
  no anomalies in 937 test result(s)

rng=RNG_stdin64, seed=0
length= 64 megabytes (2^26 bytes), time= 104 seconds
  no anomalies in 1008 test result(s)

rng=RNG_stdin64, seed=0
length= 128 megabytes (2^27 bytes), time= 115 seconds
  no anomalies in 1081 test result(s)

rng=RNG_stdin64, seed=0
length= 256 megabytes (2^28 bytes), time= 128 seconds
  no anomalies in 1151 test result(s)

rng=RNG_stdin64, seed=0
length= 512 megabytes (2^29 bytes), time= 144 seconds
  no anomalies in 1220 test result(s)

rng=RNG_stdin64, seed=0
length= 1 gigabyte (2^30 bytes), time= 171 seconds
  no anomalies in 1295 test result(s)

rng=RNG_stdin64, seed=0
length= 2 gigabytes (2^31 bytes), time= 214 seconds
  no anomalies in 1368 test result(s)

rng=RNG_stdin64, seed=0
length= 4 gigabytes (2^32 bytes), time= 292 seconds
  no anomalies in 1451 test result(s)

rng=RNG_stdin64, seed=0
length= 8 gigabytes (2^33 bytes), time= 453 seconds
  no anomalies in 1544 test result(s)

rng=RNG_stdin64, seed=0
length= 16 gigabytes (2^34 bytes), time= 758 seconds
  no anomalies in 1639 test result(s)

rng=RNG_stdin64, seed=0
length= 32 gigabytes (2^35 bytes), time= 1306 seconds
  no anomalies in 1714 test result(s)

rng=RNG_stdin64, seed=0
length= 64 gigabytes (2^36 bytes), time= 2538 seconds
  no anomalies in 1809 test result(s)

rng=RNG_stdin64, seed=0
length= 128 gigabytes (2^37 bytes), time= 4896 seconds
  no anomalies in 1902 test result(s)

rng=RNG_stdin64, seed=0
length= 256 gigabytes (2^38 bytes), time= 8244 seconds
  no anomalies in 1983 test result(s)

rng=RNG_stdin64, seed=0
length= 512 gigabytes (2^39 bytes), time= 16795 seconds
  no anomalies in 2058 test result(s)

rng=RNG_stdin64, seed=0
length= 1 terabyte (2^40 bytes), time= 34965 seconds
  Test Name                         Raw       Processed     Evaluation
  BCFN(0+2,13-0,T)                  R= +19.2  p =  8.2e-10   VERY SUSPICIOUS 
  ...and 2131 test result(s) without anomalies

rng=RNG_stdin64, seed=0
length= 2 terabytes (2^41 bytes), time= 69592 seconds
  Test Name                         Raw       Processed     Evaluation
  BCFN(0+2,13-0,T)                  R= +28.5  p =  9.5e-15    FAIL           
  ...and 2193 test result(s) without anomalies

>>> p0=23, p1=4
RNG_test using PractRand version 0.94
RNG = RNG_stdin64, seed = 0
test set = expanded, folding = extra

rng=RNG_stdin64, seed=0
length= 1 kilobyte (2^10 bytes), time= 2.2 seconds
  Test Name                         Raw       Processed     Evaluation
  DC6-5x4Bytes-1                    R=  +7.4  p =  3.1e-3   unusual          
  ...and 15 test result(s) without anomalies

rng=RNG_stdin64, seed=0
length= 2 kilobytes (2^11 bytes), time= 2.9 seconds
  no anomalies in 21 test result(s)

rng=RNG_stdin64, seed=0
length= 4 kilobytes (2^12 bytes), time= 3.8 seconds
  Test Name                         Raw       Processed     Evaluation
  DC6-9x1Bytes-1                    R=  +6.7  p =  4.2e-3   unusual          
  [Low4/16]DC6-6x2Bytes-1           R=  +9.8  p =  2.9e-4   unusual          
  [Low4/16]FPF-14+6/64:all          R= +41.1  p~=   1e-17     FAIL !         
  [Low8/32]FPF-14+6/64:all          R= +41.1  p~=   1e-17     FAIL !         
  ...and 57 test result(s) without anomalies

>>> p0=23, p1=6
RNG_test using PractRand version 0.94
RNG = RNG_stdin64, seed = 0
test set = expanded, folding = extra

rng=RNG_stdin64, seed=0
length= 2 megabytes (2^21 bytes), time= 2.6 seconds
  no anomalies in 664 test result(s)

rng=RNG_stdin64, seed=0
length= 4 megabytes (2^22 bytes), time= 10.6 seconds
  no anomalies in 731 test result(s)

rng=RNG_stdin64, seed=0
length= 8 megabytes (2^23 bytes), time= 18.5 seconds
  no anomalies in 798 test result(s)

rng=RNG_stdin64, seed=0
length= 16 megabytes (2^24 bytes), time= 26.6 seconds
  no anomalies in 868 test result(s)

rng=RNG_stdin64, seed=0
length= 32 megabytes (2^25 bytes), time= 35.0 seconds
  no anomalies in 937 test result(s)

rng=RNG_stdin64, seed=0
length= 64 megabytes (2^26 bytes), time= 45.1 seconds
  no anomalies in 1008 test result(s)

rng=RNG_stdin64, seed=0
length= 128 megabytes (2^27 bytes), time= 55.6 seconds
  no anomalies in 1081 test result(s)

rng=RNG_stdin64, seed=0
length= 256 megabytes (2^28 bytes), time= 67.9 seconds
  Test Name                         Raw       Processed     Evaluation
  BCFN(0+4,13-3,T)                  R=  -8.7  p =1-4.7e-5   unusual          
  ...and 1150 test result(s) without anomalies

rng=RNG_stdin64, seed=0
length= 512 megabytes (2^29 bytes), time= 85.9 seconds
  no anomalies in 1220 test result(s)

rng=RNG_stdin64, seed=0
length= 1 gigabyte (2^30 bytes), time= 112 seconds
  no anomalies in 1293 test result(s)

rng=RNG_stdin64, seed=0
length= 2 gigabytes (2^31 bytes), time= 157 seconds
  no anomalies in 1366 test result(s)

rng=RNG_stdin64, seed=0
length= 4 gigabytes (2^32 bytes), time= 231 seconds
  no anomalies in 1448 test result(s)

rng=RNG_stdin64, seed=0
length= 8 gigabytes (2^33 bytes), time= 394 seconds
  no anomalies in 1542 test result(s)

rng=RNG_stdin64, seed=0
length= 16 gigabytes (2^34 bytes), time= 699 seconds
  no anomalies in 1640 test result(s)

rng=RNG_stdin64, seed=0
length= 32 gigabytes (2^35 bytes), time= 1245 seconds
  no anomalies in 1717 test result(s)

rng=RNG_stdin64, seed=0
length= 64 gigabytes (2^36 bytes), time= 2475 seconds
  no anomalies in 1807 test result(s)

rng=RNG_stdin64, seed=0
length= 128 gigabytes (2^37 bytes), time= 4247 seconds
  no anomalies in 1902 test result(s)

rng=RNG_stdin64, seed=0
length= 256 gigabytes (2^38 bytes), time= 7980 seconds
  Test Name                         Raw       Processed     Evaluation
  [Low4/64]FPF-14+6/16:cross        R=  -2.8  p =1-2.9e-5   unusual          
  ...and 1982 test result(s) without anomalies

rng=RNG_stdin64, seed=0
length= 512 gigabytes (2^39 bytes), time= 17420 seconds
  no anomalies in 2058 test result(s)

rng=RNG_stdin64, seed=0
length= 1 terabyte (2^40 bytes), time= 35162 seconds
  Test Name                         Raw       Processed     Evaluation
  BCFN(0+2,13-0,T)                  R= +14.0  p =  5.1e-7   suspicious       
  ...and 2131 test result(s) without anomalies

rng=RNG_stdin64, seed=0
length= 2 terabytes (2^41 bytes), time= 69300 seconds
  Test Name                         Raw       Processed     Evaluation
  BCFN(0+2,13-0,T)                  R= +20.8  p =  1.2e-10   VERY SUSPICIOUS 
  ...and 2193 test result(s) without anomalies

rng=RNG_stdin64, seed=0
length= 4 terabytes (2^42 bytes), time= 141420 seconds
  Test Name                         Raw       Processed     Evaluation
  BCFN(0+2,13-0,T)                  R= +55.1  p =  5.3e-29    FAIL !!!       
  DC6-9x1Bytes-1                    R=  -6.6  p =1-8.8e-4   unusual          
  ...and 2253 test result(s) without anomalies

>>> p0=23, p1=8
RNG_test using PractRand version 0.94
RNG = RNG_stdin64, seed = 0
test set = expanded, folding = extra

rng=RNG_stdin64, seed=0
length= 1 kilobyte (2^10 bytes), time= 2.1 seconds
  no anomalies in 16 test result(s)

rng=RNG_stdin64, seed=0
length= 2 kilobytes (2^11 bytes), time= 3.1 seconds
  no anomalies in 21 test result(s)

rng=RNG_stdin64, seed=0
length= 4 kilobytes (2^12 bytes), time= 3.7 seconds
  no anomalies in 61 test result(s)

rng=RNG_stdin64, seed=0
length= 8 kilobytes (2^13 bytes), time= 6.1 seconds
  no anomalies in 126 test result(s)

rng=RNG_stdin64, seed=0
length= 16 kilobytes (2^14 bytes), time= 10.6 seconds
  no anomalies in 194 test result(s)

rng=RNG_stdin64, seed=0
length= 32 kilobytes (2^15 bytes), time= 16.1 seconds
  Test Name                         Raw       Processed     Evaluation
  [Low1/32]FPF-14+6/64:all          R= +20.0  p~=   7e-6    mildly suspicious
  ...and 263 test result(s) without anomalies

rng=RNG_stdin64, seed=0
length= 64 kilobytes (2^16 bytes), time= 22.2 seconds
  Test Name                         Raw       Processed     Evaluation
  [Low1/64]FPF-14+6/64:all          R= +19.5  p~=   1e-5    mildly suspicious
  ...and 339 test result(s) without anomalies

rng=RNG_stdin64, seed=0
length= 128 kilobytes (2^17 bytes), time= 29.6 seconds
  no anomalies in 400 test result(s)

rng=RNG_stdin64, seed=0
length= 256 kilobytes (2^18 bytes), time= 36.7 seconds
  no anomalies in 466 test result(s)

rng=RNG_stdin64, seed=0
length= 512 kilobytes (2^19 bytes), time= 43.4 seconds
  no anomalies in 532 test result(s)

rng=RNG_stdin64, seed=0
length= 1 megabyte (2^20 bytes), time= 52.0 seconds
  no anomalies in 598 test result(s)

rng=RNG_stdin64, seed=0
length= 2 megabytes (2^21 bytes), time= 60.0 seconds
  no anomalies in 664 test result(s)

rng=RNG_stdin64, seed=0
length= 4 megabytes (2^22 bytes), time= 68.2 seconds
  Test Name                         Raw       Processed     Evaluation
  BCFN(0+2,13-6,T)                  R=  -6.8  p =1-6.6e-5   unusual          
  ...and 730 test result(s) without anomalies

rng=RNG_stdin64, seed=0
length= 8 megabytes (2^23 bytes), time= 75.6 seconds
  no anomalies in 798 test result(s)

rng=RNG_stdin64, seed=0
length= 16 megabytes (2^24 bytes), time= 83.9 seconds
  no anomalies in 868 test result(s)

rng=RNG_stdin64, seed=0
length= 32 megabytes (2^25 bytes), time= 93.6 seconds
  no anomalies in 937 test result(s)

rng=RNG_stdin64, seed=0
length= 64 megabytes (2^26 bytes), time= 103 seconds
  no anomalies in 1008 test result(s)

rng=RNG_stdin64, seed=0
length= 128 megabytes (2^27 bytes), time= 114 seconds
  no anomalies in 1081 test result(s)

rng=RNG_stdin64, seed=0
length= 256 megabytes (2^28 bytes), time= 127 seconds
  no anomalies in 1151 test result(s)

rng=RNG_stdin64, seed=0
length= 512 megabytes (2^29 bytes), time= 143 seconds
  no anomalies in 1220 test result(s)

rng=RNG_stdin64, seed=0
length= 1 gigabyte (2^30 bytes), time= 170 seconds
  no anomalies in 1294 test result(s)

rng=RNG_stdin64, seed=0
length= 2 gigabytes (2^31 bytes), time= 215 seconds
  no anomalies in 1368 test result(s)

rng=RNG_stdin64, seed=0
length= 4 gigabytes (2^32 bytes), time= 290 seconds
  no anomalies in 1451 test result(s)

rng=RNG_stdin64, seed=0
length= 8 gigabytes (2^33 bytes), time= 452 seconds
  no anomalies in 1541 test result(s)

rng=RNG_stdin64, seed=0
length= 16 gigabytes (2^34 bytes), time= 757 seconds
  no anomalies in 1636 test result(s)

rng=RNG_stdin64, seed=0
length= 32 gigabytes (2^35 bytes), time= 1304 seconds
  no anomalies in 1717 test result(s)

rng=RNG_stdin64, seed=0
length= 64 gigabytes (2^36 bytes), time= 2545 seconds
  no anomalies in 1808 test result(s)

rng=RNG_stdin64, seed=0
length= 128 gigabytes (2^37 bytes), time= 4326 seconds
  no anomalies in 1902 test result(s)

rng=RNG_stdin64, seed=0
length= 256 gigabytes (2^38 bytes), time= 8049 seconds
  no anomalies in 1983 test result(s)

rng=RNG_stdin64, seed=0
length= 512 gigabytes (2^39 bytes), time= 17504 seconds
  no anomalies in 2058 test result(s)

rng=RNG_stdin64, seed=0
length= 1 terabyte (2^40 bytes), time= 35252 seconds
  Test Name                         Raw       Processed     Evaluation
  BCFN(0+2,13-0,T)                  R= +16.3  p =  3.1e-8   very suspicious  
  ...and 2131 test result(s) without anomalies

rng=RNG_stdin64, seed=0
length= 2 terabytes (2^41 bytes), time= 69397 seconds
  Test Name                         Raw       Processed     Evaluation
  BCFN(0+2,13-0,T)                  R= +24.4  p =  1.4e-12    FAIL           
  ...and 2193 test result(s) without anomalies

>>> p0=23, p1=9
RNG_test using PractRand version 0.94
RNG = RNG_stdin64, seed = 0
test set = expanded, folding = extra

rng=RNG_stdin64, seed=0
length= 1 kilobyte (2^10 bytes), time= 2.3 seconds
  Test Name                         Raw       Processed     Evaluation
  FPF-14+6/64:all                   R= -13.2  p~= 1-1e-3    unusual          
  ...and 15 test result(s) without anomalies

rng=RNG_stdin64, seed=0
length= 2 kilobytes (2^11 bytes), time= 3.6 seconds
  no anomalies in 21 test result(s)

rng=RNG_stdin64, seed=0
length= 4 kilobytes (2^12 bytes), time= 4.3 seconds
  Test Name                         Raw       Processed     Evaluation
  [Low4/16]FPF-14+6/64:all          R= +15.2  p~=   4e-4    unusual          
  [Low8/32]FPF-14+6/64:all          R= +15.2  p~=   4e-4    unusual          
  ...and 59 test result(s) without anomalies

rng=RNG_stdin64, seed=0
length= 8 kilobytes (2^13 bytes), time= 6.6 seconds
  no anomalies in 126 test result(s)

rng=RNG_stdin64, seed=0
length= 16 kilobytes (2^14 bytes), time= 11.2 seconds
  no anomalies in 194 test result(s)

rng=RNG_stdin64, seed=0
length= 32 kilobytes (2^15 bytes), time= 17.2 seconds
  no anomalies in 264 test result(s)

rng=RNG_stdin64, seed=0
length= 64 kilobytes (2^16 bytes), time= 24.0 seconds
  Test Name                         Raw       Processed     Evaluation
  [Low1/16]DC6-9x1Bytes-1           R=  +8.3  p =  1.0e-3   unusual          
  ...and 339 test result(s) without anomalies

rng=RNG_stdin64, seed=0
length= 128 kilobytes (2^17 bytes), time= 31.5 seconds
  no anomalies in 400 test result(s)

rng=RNG_stdin64, seed=0
length= 256 kilobytes (2^18 bytes), time= 38.9 seconds
  no anomalies in 466 test result(s)

rng=RNG_stdin64, seed=0
length= 512 kilobytes (2^19 bytes), time= 46.1 seconds
  no anomalies in 532 test result(s)

rng=RNG_stdin64, seed=0
length= 1 megabyte (2^20 bytes), time= 53.7 seconds
  no anomalies in 598 test result(s)

rng=RNG_stdin64, seed=0
length= 2 megabytes (2^21 bytes), time= 61.4 seconds
  Test Name                         Raw       Processed     Evaluation
  [Low8/64]DC6-9x1Bytes-1           R=  -6.0  p =1-5.9e-4   unusual          
  ...and 663 test result(s) without anomalies

rng=RNG_stdin64, seed=0
length= 4 megabytes (2^22 bytes), time= 69.0 seconds
  no anomalies in 731 test result(s)

rng=RNG_stdin64, seed=0
length= 8 megabytes (2^23 bytes), time= 76.8 seconds
  Test Name                         Raw       Processed     Evaluation
  [Low4/64]Gap-16:B                 R=  -5.2  p =1-8.8e-5   unusual          
  [Low8/64]Gap-16:A                 R=  -5.5  p =1-5.5e-5   unusual          
  ...and 796 test result(s) without anomalies

rng=RNG_stdin64, seed=0
length= 16 megabytes (2^24 bytes), time= 84.8 seconds
  no anomalies in 868 test result(s)

rng=RNG_stdin64, seed=0
length= 32 megabytes (2^25 bytes), time= 94.1 seconds
  no anomalies in 937 test result(s)

rng=RNG_stdin64, seed=0
length= 64 megabytes (2^26 bytes), time= 103 seconds
  no anomalies in 1008 test result(s)

rng=RNG_stdin64, seed=0
length= 128 megabytes (2^27 bytes), time= 114 seconds
  no anomalies in 1081 test result(s)

rng=RNG_stdin64, seed=0
length= 256 megabytes (2^28 bytes), time= 127 seconds
  no anomalies in 1151 test result(s)

rng=RNG_stdin64, seed=0
length= 512 megabytes (2^29 bytes), time= 144 seconds
  no anomalies in 1220 test result(s)

rng=RNG_stdin64, seed=0
length= 1 gigabyte (2^30 bytes), time= 170 seconds
  no anomalies in 1294 test result(s)

rng=RNG_stdin64, seed=0
length= 2 gigabytes (2^31 bytes), time= 213 seconds
  no anomalies in 1368 test result(s)

rng=RNG_stdin64, seed=0
length= 4 gigabytes (2^32 bytes), time= 291 seconds
  no anomalies in 1452 test result(s)

rng=RNG_stdin64, seed=0
length= 8 gigabytes (2^33 bytes), time= 457 seconds
  no anomalies in 1544 test result(s)

rng=RNG_stdin64, seed=0
length= 16 gigabytes (2^34 bytes), time= 765 seconds
  no anomalies in 1639 test result(s)

rng=RNG_stdin64, seed=0
length= 32 gigabytes (2^35 bytes), time= 1314 seconds
  no anomalies in 1717 test result(s)

rng=RNG_stdin64, seed=0
length= 64 gigabytes (2^36 bytes), time= 2547 seconds
  no anomalies in 1808 test result(s)

rng=RNG_stdin64, seed=0
length= 128 gigabytes (2^37 bytes), time= 4911 seconds
  no anomalies in 1902 test result(s)

rng=RNG_stdin64, seed=0
length= 256 gigabytes (2^38 bytes), time= 9213 seconds
  no anomalies in 1983 test result(s)

rng=RNG_stdin64, seed=0
length= 512 gigabytes (2^39 bytes), time= 17414 seconds
  no anomalies in 2058 test result(s)

rng=RNG_stdin64, seed=0
length= 1 terabyte (2^40 bytes), time= 35214 seconds
  no anomalies in 2132 test result(s)

rng=RNG_stdin64, seed=0
length= 2 terabytes (2^41 bytes), time= 70196 seconds
  no anomalies in 2194 test result(s)

rng=RNG_stdin64, seed=0
length= 4 terabytes (2^42 bytes), time= 142288 seconds
  no anomalies in 2255 test result(s)

>>> p0=23, p1=10
RNG_test using PractRand version 0.94
RNG = RNG_stdin64, seed = 0
test set = expanded, folding = extra

rng=RNG_stdin64, seed=0
length= 1 kilobyte (2^10 bytes), time= 2.3 seconds
  Test Name                         Raw       Processed     Evaluation
  FPF-14+6/64:all                   R= +25.6  p~=   1e-8     VERY SUSPICIOUS 
  ...and 15 test result(s) without anomalies

rng=RNG_stdin64, seed=0
length= 2 kilobytes (2^11 bytes), time= 3.4 seconds
  Test Name                         Raw       Processed     Evaluation
  FPF-14+6/4:all                    R=  +7.1  p =  1.6e-3   unusual          
  ...and 20 test result(s) without anomalies

rng=RNG_stdin64, seed=0
length= 4 kilobytes (2^12 bytes), time= 4.1 seconds
  no anomalies in 61 test result(s)

rng=RNG_stdin64, seed=0
length= 8 kilobytes (2^13 bytes), time= 6.4 seconds
  no anomalies in 126 test result(s)

rng=RNG_stdin64, seed=0
length= 16 kilobytes (2^14 bytes), time= 10.8 seconds
  no anomalies in 194 test result(s)

rng=RNG_stdin64, seed=0
length= 32 kilobytes (2^15 bytes), time= 16.8 seconds
  Test Name                         Raw       Processed     Evaluation
  [Low4/64]FPF-14+6/64:all          R= -16.9  p~= 1-1e-4    unusual          
  ...and 263 test result(s) without anomalies

rng=RNG_stdin64, seed=0
length= 64 kilobytes (2^16 bytes), time= 23.3 seconds
  no anomalies in 340 test result(s)

rng=RNG_stdin64, seed=0
length= 128 kilobytes (2^17 bytes), time= 30.2 seconds
  no anomalies in 400 test result(s)

rng=RNG_stdin64, seed=0
length= 256 kilobytes (2^18 bytes), time= 37.6 seconds
  no anomalies in 466 test result(s)

rng=RNG_stdin64, seed=0
length= 512 kilobytes (2^19 bytes), time= 45.2 seconds
  no anomalies in 532 test result(s)

rng=RNG_stdin64, seed=0
length= 1 megabyte (2^20 bytes), time= 52.7 seconds
  no anomalies in 598 test result(s)

rng=RNG_stdin64, seed=0
length= 2 megabytes (2^21 bytes), time= 60.5 seconds
  no anomalies in 664 test result(s)

rng=RNG_stdin64, seed=0
length= 4 megabytes (2^22 bytes), time= 68.5 seconds
  no anomalies in 731 test result(s)

rng=RNG_stdin64, seed=0
length= 8 megabytes (2^23 bytes), time= 76.5 seconds
  no anomalies in 798 test result(s)

rng=RNG_stdin64, seed=0
length= 16 megabytes (2^24 bytes), time= 85.3 seconds
  no anomalies in 868 test result(s)

rng=RNG_stdin64, seed=0
length= 32 megabytes (2^25 bytes), time= 94.0 seconds
  no anomalies in 937 test result(s)

rng=RNG_stdin64, seed=0
length= 64 megabytes (2^26 bytes), time= 104 seconds
  no anomalies in 1008 test result(s)

rng=RNG_stdin64, seed=0
length= 128 megabytes (2^27 bytes), time= 115 seconds
  no anomalies in 1081 test result(s)

rng=RNG_stdin64, seed=0
length= 256 megabytes (2^28 bytes), time= 129 seconds
  no anomalies in 1151 test result(s)

rng=RNG_stdin64, seed=0
length= 512 megabytes (2^29 bytes), time= 145 seconds
  no anomalies in 1220 test result(s)

rng=RNG_stdin64, seed=0
length= 1 gigabyte (2^30 bytes), time= 172 seconds
  no anomalies in 1295 test result(s)

rng=RNG_stdin64, seed=0
length= 2 gigabytes (2^31 bytes), time= 217 seconds
  no anomalies in 1368 test result(s)

rng=RNG_stdin64, seed=0
length= 4 gigabytes (2^32 bytes), time= 295 seconds
  no anomalies in 1448 test result(s)

rng=RNG_stdin64, seed=0
length= 8 gigabytes (2^33 bytes), time= 457 seconds
  no anomalies in 1544 test result(s)

rng=RNG_stdin64, seed=0
length= 16 gigabytes (2^34 bytes), time= 762 seconds
  no anomalies in 1638 test result(s)

rng=RNG_stdin64, seed=0
length= 32 gigabytes (2^35 bytes), time= 1310 seconds
  no anomalies in 1715 test result(s)

rng=RNG_stdin64, seed=0
length= 64 gigabytes (2^36 bytes), time= 2552 seconds
  no anomalies in 1811 test result(s)

rng=RNG_stdin64, seed=0
length= 128 gigabytes (2^37 bytes), time= 4929 seconds
  no anomalies in 1902 test result(s)

rng=RNG_stdin64, seed=0
length= 256 gigabytes (2^38 bytes), time= 9228 seconds
  no anomalies in 1983 test result(s)

rng=RNG_stdin64, seed=0
length= 512 gigabytes (2^39 bytes), time= 17482 seconds
  no anomalies in 2058 test result(s)

rng=RNG_stdin64, seed=0
length= 1 terabyte (2^40 bytes), time= 35361 seconds
  no anomalies in 2132 test result(s)

rng=RNG_stdin64, seed=0
length= 2 terabytes (2^41 bytes), time= 70362 seconds
  Test Name                         Raw       Processed     Evaluation
  BCFN(0+2,13-0,T)                  R= +22.4  p =  1.5e-11   VERY SUSPICIOUS 
  ...and 2193 test result(s) without anomalies

rng=RNG_stdin64, seed=0
length= 4 terabytes (2^42 bytes), time= 143340 seconds
  Test Name                         Raw       Processed     Evaluation
  BCFN(0+2,13-0,T)                  R= +42.0  p =  5.6e-22    FAIL !!        
  BCFN(0+4,13-0,T)                  R=  +9.7  p =  1.0e-4   unusual          
  ...and 2253 test result(s) without anomalies

>>> p0=23, p1=11
RNG_test using PractRand version 0.94
RNG = RNG_stdin64, seed = 0
test set = expanded, folding = extra

rng=RNG_stdin64, seed=0
length= 1 kilobyte (2^10 bytes), time= 2.3 seconds
  no anomalies in 16 test result(s)

rng=RNG_stdin64, seed=0
length= 2 kilobytes (2^11 bytes), time= 3.1 seconds
  no anomalies in 21 test result(s)

rng=RNG_stdin64, seed=0
length= 4 kilobytes (2^12 bytes), time= 4.1 seconds
  no anomalies in 61 test result(s)

rng=RNG_stdin64, seed=0
length= 8 kilobytes (2^13 bytes), time= 6.6 seconds
  Test Name                         Raw       Processed     Evaluation
  [Low4/32]FPF-14+6/32:all          R= +15.6  p~=   3e-4    unusual          
  [Low8/64]FPF-14+6/32:all          R= +15.6  p~=   3e-4    unusual          
  ...and 124 test result(s) without anomalies

rng=RNG_stdin64, seed=0
length= 16 kilobytes (2^14 bytes), time= 10.9 seconds
  no anomalies in 194 test result(s)

rng=RNG_stdin64, seed=0
length= 32 kilobytes (2^15 bytes), time= 17.2 seconds
  no anomalies in 264 test result(s)

rng=RNG_stdin64, seed=0
length= 64 kilobytes (2^16 bytes), time= 23.5 seconds
  no anomalies in 340 test result(s)

rng=RNG_stdin64, seed=0
length= 128 kilobytes (2^17 bytes), time= 31.2 seconds
  no anomalies in 400 test result(s)

rng=RNG_stdin64, seed=0
length= 256 kilobytes (2^18 bytes), time= 38.8 seconds
  no anomalies in 466 test result(s)

rng=RNG_stdin64, seed=0
length= 512 kilobytes (2^19 bytes), time= 46.5 seconds
  no anomalies in 532 test result(s)

rng=RNG_stdin64, seed=0
length= 1 megabyte (2^20 bytes), time= 54.0 seconds
  no anomalies in 598 test result(s)

rng=RNG_stdin64, seed=0
length= 2 megabytes (2^21 bytes), time= 61.6 seconds
  Test Name                         Raw       Processed     Evaluation
  [Low1/16]BCFN(0+4,13-9,T)         R=  -3.7  p =1-1.6e-4   unusual          
  ...and 663 test result(s) without anomalies

rng=RNG_stdin64, seed=0
length= 4 megabytes (2^22 bytes), time= 69.6 seconds
  no anomalies in 731 test result(s)

rng=RNG_stdin64, seed=0
length= 8 megabytes (2^23 bytes), time= 77.6 seconds
  no anomalies in 798 test result(s)

rng=RNG_stdin64, seed=0
length= 16 megabytes (2^24 bytes), time= 85.6 seconds
  no anomalies in 868 test result(s)

rng=RNG_stdin64, seed=0
length= 32 megabytes (2^25 bytes), time= 95.1 seconds
  no anomalies in 937 test result(s)

rng=RNG_stdin64, seed=0
length= 64 megabytes (2^26 bytes), time= 105 seconds
  no anomalies in 1008 test result(s)

rng=RNG_stdin64, seed=0
length= 128 megabytes (2^27 bytes), time= 116 seconds
  no anomalies in 1081 test result(s)

rng=RNG_stdin64, seed=0
length= 256 megabytes (2^28 bytes), time= 129 seconds
  no anomalies in 1151 test result(s)

rng=RNG_stdin64, seed=0
length= 512 megabytes (2^29 bytes), time= 146 seconds
  no anomalies in 1220 test result(s)

rng=RNG_stdin64, seed=0
length= 1 gigabyte (2^30 bytes), time= 172 seconds
  no anomalies in 1297 test result(s)

rng=RNG_stdin64, seed=0
length= 2 gigabytes (2^31 bytes), time= 217 seconds
  no anomalies in 1368 test result(s)

rng=RNG_stdin64, seed=0
length= 4 gigabytes (2^32 bytes), time= 294 seconds
  Test Name                         Raw       Processed     Evaluation
  [Low1/8]FPF-14+6/4:all            R=  +5.6  p =  9.4e-5   unusual          
  ...and 1449 test result(s) without anomalies

rng=RNG_stdin64, seed=0
length= 8 gigabytes (2^33 bytes), time= 458 seconds
  Test Name                         Raw       Processed     Evaluation
  [Low8/32]FPF-14+6/32:cross        R=  -2.7  p =1-4.1e-5   unusual          
  ...and 1538 test result(s) without anomalies

rng=RNG_stdin64, seed=0
length= 16 gigabytes (2^34 bytes), time= 765 seconds
  no anomalies in 1639 test result(s)

rng=RNG_stdin64, seed=0
length= 32 gigabytes (2^35 bytes), time= 1320 seconds
  no anomalies in 1717 test result(s)

rng=RNG_stdin64, seed=0
length= 64 gigabytes (2^36 bytes), time= 2567 seconds
  no anomalies in 1808 test result(s)

rng=RNG_stdin64, seed=0
length= 128 gigabytes (2^37 bytes), time= 4931 seconds
  Test Name                         Raw       Processed     Evaluation
  [Low1/8]BCFN(0+11,13-3,T)         R= -10.0  p =1-5.9e-6   unusual          
  ...and 1901 test result(s) without anomalies

rng=RNG_stdin64, seed=0
length= 256 gigabytes (2^38 bytes), time= 9232 seconds
  no anomalies in 1983 test result(s)

rng=RNG_stdin64, seed=0
length= 512 gigabytes (2^39 bytes), time= 17545 seconds
  no anomalies in 2058 test result(s)

rng=RNG_stdin64, seed=0
length= 1 terabyte (2^40 bytes), time= 35491 seconds
  no anomalies in 2132 test result(s)

rng=RNG_stdin64, seed=0
length= 2 terabytes (2^41 bytes), time= 70619 seconds
  no anomalies in 2194 test result(s)

rng=RNG_stdin64, seed=0
length= 4 terabytes (2^42 bytes), time= 144583 seconds
  Test Name                         Raw       Processed     Evaluation
  BCFN(0+2,13-0,T)                  R= +10.1  p =  5.9e-5   unusual          
  ...and 2254 test result(s) without anomalies

>>> p0=23, p1=12
RNG_test using PractRand version 0.94
RNG = RNG_stdin64, seed = 0
test set = expanded, folding = extra

rng=RNG_stdin64, seed=0
length= 64 gigabytes (2^36 bytes), time= 2209 seconds
  no anomalies in 1807 test result(s)

rng=RNG_stdin64, seed=0
length= 128 gigabytes (2^37 bytes), time= 4462 seconds
  no anomalies in 1902 test result(s)

rng=RNG_stdin64, seed=0
length= 256 gigabytes (2^38 bytes), time= 8811 seconds
  no anomalies in 1983 test result(s)

rng=RNG_stdin64, seed=0
length= 512 gigabytes (2^39 bytes), time= 18170 seconds
  no anomalies in 2058 test result(s)

rng=RNG_stdin64, seed=0
length= 1 terabyte (2^40 bytes), time= 36508 seconds
  Test Name                         Raw       Processed     Evaluation
  BCFN(0+2,13-0,T)                  R= +10.9  p =  2.3e-5   unusual          
  ...and 2131 test result(s) without anomalies

rng=RNG_stdin64, seed=0
length= 2 terabytes (2^41 bytes), time= 72414 seconds
  Test Name                         Raw       Processed     Evaluation
  BCFN(0+2,13-0,T)                  R= +27.1  p =  4.8e-14    FAIL           
  [Low8/32]BCFN(0+2,13-0,T)         R= +11.3  p =  1.4e-5   mildly suspicious
  ...and 2192 test result(s) without anomalies

>>> p0=23, p1=13
RNG_test using PractRand version 0.94
RNG = RNG_stdin64, seed = 0
test set = expanded, folding = extra

rng=RNG_stdin64, seed=0
length= 64 gigabytes (2^36 bytes), time= 2369 seconds
  no anomalies in 1807 test result(s)

rng=RNG_stdin64, seed=0
length= 128 gigabytes (2^37 bytes), time= 4125 seconds
  no anomalies in 1902 test result(s)

rng=RNG_stdin64, seed=0
length= 256 gigabytes (2^38 bytes), time= 8179 seconds
  no anomalies in 1983 test result(s)

rng=RNG_stdin64, seed=0
length= 512 gigabytes (2^39 bytes), time= 18144 seconds
  no anomalies in 2058 test result(s)

rng=RNG_stdin64, seed=0
length= 1 terabyte (2^40 bytes), time= 35530 seconds
  no anomalies in 2132 test result(s)

rng=RNG_stdin64, seed=0
length= 2 terabytes (2^41 bytes), time= 70658 seconds
  no anomalies in 2194 test result(s)

rng=RNG_stdin64, seed=0
length= 4 terabytes (2^42 bytes), time= 145490 seconds
  no anomalies in 2255 test result(s)

>>> p0=23, p1=14
RNG_test using PractRand version 0.94
RNG = RNG_stdin64, seed = 0
test set = expanded, folding = extra

rng=RNG_stdin64, seed=0
length= 64 gigabytes (2^36 bytes), time= 2348 seconds
  no anomalies in 1808 test result(s)

rng=RNG_stdin64, seed=0
length= 128 gigabytes (2^37 bytes), time= 4147 seconds
  no anomalies in 1902 test result(s)

rng=RNG_stdin64, seed=0
length= 256 gigabytes (2^38 bytes), time= 8157 seconds
  no anomalies in 1983 test result(s)

rng=RNG_stdin64, seed=0
length= 512 gigabytes (2^39 bytes), time= 18189 seconds
  no anomalies in 2058 test result(s)

rng=RNG_stdin64, seed=0
length= 1 terabyte (2^40 bytes), time= 35585 seconds
  no anomalies in 2132 test result(s)

rng=RNG_stdin64, seed=0
length= 2 terabytes (2^41 bytes), time= 70575 seconds
  no anomalies in 2194 test result(s)

rng=RNG_stdin64, seed=0
length= 4 terabytes (2^42 bytes), time= 144923 seconds
  no anomalies in 2255 test result(s)

>>> p0=23, p1=16
RNG_test using PractRand version 0.94
RNG = RNG_stdin64, seed = 0
test set = expanded, folding = extra

rng=RNG_stdin64, seed=0
length= 64 gigabytes (2^36 bytes), time= 2341 seconds
  no anomalies in 1808 test result(s)

rng=RNG_stdin64, seed=0
length= 128 gigabytes (2^37 bytes), time= 4010 seconds
  no anomalies in 1902 test result(s)

rng=RNG_stdin64, seed=0
length= 256 gigabytes (2^38 bytes), time= 7948 seconds
  no anomalies in 1983 test result(s)

rng=RNG_stdin64, seed=0
length= 512 gigabytes (2^39 bytes), time= 17765 seconds
  no anomalies in 2058 test result(s)

rng=RNG_stdin64, seed=0
length= 1 terabyte (2^40 bytes), time= 34826 seconds
  no anomalies in 2132 test result(s)

rng=RNG_stdin64, seed=0
length= 2 terabytes (2^41 bytes), time= 69705 seconds
  Test Name                         Raw       Processed     Evaluation
  BCFN(0+2,13-0,T)                  R= +11.8  p =  7.7e-6   mildly suspicious
  ...and 2193 test result(s) without anomalies

rng=RNG_stdin64, seed=0
length= 4 terabytes (2^42 bytes), time= 143058 seconds
  Test Name                         Raw       Processed     Evaluation
  BCFN(0+2,13-0,T)                  R= +23.9  p =  2.6e-12    FAIL           
  ...and 2254 test result(s) without anomalies

>>> p0=23, p1=17
RNG_test using PractRand version 0.94
RNG = RNG_stdin64, seed = 0
test set = expanded, folding = extra

rng=RNG_stdin64, seed=0
length= 64 gigabytes (2^36 bytes), time= 2362 seconds
  no anomalies in 1808 test result(s)

rng=RNG_stdin64, seed=0
length= 128 gigabytes (2^37 bytes), time= 4037 seconds
  no anomalies in 1902 test result(s)

rng=RNG_stdin64, seed=0
length= 256 gigabytes (2^38 bytes), time= 8142 seconds
  no anomalies in 1983 test result(s)

rng=RNG_stdin64, seed=0
length= 512 gigabytes (2^39 bytes), time= 17985 seconds
  no anomalies in 2058 test result(s)

rng=RNG_stdin64, seed=0
length= 1 terabyte (2^40 bytes), time= 35078 seconds
  no anomalies in 2132 test result(s)

rng=RNG_stdin64, seed=0
length= 2 terabytes (2^41 bytes), time= 70076 seconds
  no anomalies in 2194 test result(s)

rng=RNG_stdin64, seed=0
length= 4 terabytes (2^42 bytes), time= 144418 seconds
  Test Name                         Raw       Processed     Evaluation
  BCFN(0+2,13-0,T)                  R= +12.4  p =  3.5e-6   mildly suspicious
  ...and 2254 test result(s) without anomalies

>>> p0=23, p1=18
RNG_test using PractRand version 0.94
RNG = RNG_stdin64, seed = 0
test set = expanded, folding = extra

rng=RNG_stdin64, seed=0
length= 64 gigabytes (2^36 bytes), time= 2225 seconds
  no anomalies in 1809 test result(s)

rng=RNG_stdin64, seed=0
length= 128 gigabytes (2^37 bytes), time= 4556 seconds
  no anomalies in 1902 test result(s)

rng=RNG_stdin64, seed=0
length= 256 gigabytes (2^38 bytes), time= 8755 seconds
  no anomalies in 1983 test result(s)

rng=RNG_stdin64, seed=0
length= 512 gigabytes (2^39 bytes), time= 17974 seconds
  no anomalies in 2058 test result(s)

rng=RNG_stdin64, seed=0
length= 1 terabyte (2^40 bytes), time= 36040 seconds
  no anomalies in 2132 test result(s)

rng=RNG_stdin64, seed=0
length= 2 terabytes (2^41 bytes), time= 72534 seconds
  Test Name                         Raw       Processed     Evaluation
  BCFN(0+2,13-0,T)                  R= +13.9  p =  5.8e-7   suspicious       
  ...and 2193 test result(s) without anomalies

rng=RNG_stdin64, seed=0
length= 4 terabytes (2^42 bytes), time= 147082 seconds
  Test Name                         Raw       Processed     Evaluation
  BCFN(0+2,13-0,T)                  R= +27.7  p =  2.4e-14    FAIL           
  ...and 2254 test result(s) without anomalies

>>> p0=23, p1=19
RNG_test using PractRand version 0.94
RNG = RNG_stdin64, seed = 0
test set = expanded, folding = extra

rng=RNG_stdin64, seed=0
length= 64 gigabytes (2^36 bytes), time= 2338 seconds
  no anomalies in 1810 test result(s)

rng=RNG_stdin64, seed=0
length= 128 gigabytes (2^37 bytes), time= 4594 seconds
  no anomalies in 1902 test result(s)

rng=RNG_stdin64, seed=0
length= 256 gigabytes (2^38 bytes), time= 8881 seconds
  no anomalies in 1983 test result(s)

rng=RNG_stdin64, seed=0
length= 512 gigabytes (2^39 bytes), time= 18218 seconds
  no anomalies in 2058 test result(s)

rng=RNG_stdin64, seed=0
length= 1 terabyte (2^40 bytes), time= 36315 seconds
  no anomalies in 2132 test result(s)

rng=RNG_stdin64, seed=0
length= 2 terabytes (2^41 bytes), time= 71722 seconds
  no anomalies in 2194 test result(s)

rng=RNG_stdin64, seed=0
length= 4 terabytes (2^42 bytes), time= 145266 seconds
  Test Name                         Raw       Processed     Evaluation
  BCFN(0+2,13-0,T)                  R= +13.6  p =  8.0e-7   suspicious       
  ...and 2254 test result(s) without anomalies

>>> p0=23, p1=20
RNG_test using PractRand version 0.94
RNG = RNG_stdin64, seed = 0
test set = expanded, folding = extra

rng=RNG_stdin64, seed=0
length= 64 gigabytes (2^36 bytes), time= 2188 seconds
  no anomalies in 1808 test result(s)

rng=RNG_stdin64, seed=0
length= 128 gigabytes (2^37 bytes), time= 4464 seconds
  no anomalies in 1902 test result(s)

rng=RNG_stdin64, seed=0
length= 256 gigabytes (2^38 bytes), time= 8318 seconds
  no anomalies in 1983 test result(s)

rng=RNG_stdin64, seed=0
length= 512 gigabytes (2^39 bytes), time= 17946 seconds
  no anomalies in 2058 test result(s)

rng=RNG_stdin64, seed=0
length= 1 terabyte (2^40 bytes), time= 35724 seconds
  Test Name                         Raw       Processed     Evaluation
  BCFN(0+2,13-0,T)                  R= +11.6  p =  9.2e-6   mildly suspicious
  [Low4/16]BCFN(0+5,13-0,T)         R=  -9.6  p =1-3.8e-5   unusual          
  ...and 2130 test result(s) without anomalies

rng=RNG_stdin64, seed=0
length= 2 terabytes (2^41 bytes), time= 70973 seconds
  Test Name                         Raw       Processed     Evaluation
  BCFN(0+2,13-0,T)                  R= +25.3  p =  4.7e-13    FAIL           
  ...and 2193 test result(s) without anomalies

>>> p0=23, p1=21
RNG_test using PractRand version 0.94
RNG = RNG_stdin64, seed = 0
test set = expanded, folding = extra

rng=RNG_stdin64, seed=0
length= 64 gigabytes (2^36 bytes), time= 1567 seconds
  no anomalies in 1808 test result(s)

rng=RNG_stdin64, seed=0
length= 128 gigabytes (2^37 bytes), time= 3920 seconds
  no anomalies in 1902 test result(s)

rng=RNG_stdin64, seed=0
length= 256 gigabytes (2^38 bytes), time= 8333 seconds
  no anomalies in 1983 test result(s)

rng=RNG_stdin64, seed=0
length= 512 gigabytes (2^39 bytes), time= 17834 seconds
  no anomalies in 2058 test result(s)

rng=RNG_stdin64, seed=0
length= 1 terabyte (2^40 bytes), time= 34908 seconds
  Test Name                         Raw       Processed     Evaluation
  mod3n(0):(2,9-0)                  R= +13.7  p =  1.3e-7   suspicious       
  ...and 2131 test result(s) without anomalies

rng=RNG_stdin64, seed=0
length= 2 terabytes (2^41 bytes), time= 69366 seconds
  Test Name                         Raw       Processed     Evaluation
  mod3n(0):(2,9-0)                  R= +21.5  p =  7.4e-12   VERY SUSPICIOUS 
  ...and 2193 test result(s) without anomalies

rng=RNG_stdin64, seed=0
length= 4 terabytes (2^42 bytes), time= 143880 seconds
  Test Name                         Raw       Processed     Evaluation
  mod3n(0):(2,9-0)                  R= +47.9  p =  3.3e-26    FAIL !!        
  [Low4/32]DC6-9x1Bytes-1           R= +10.9  p =  1.2e-4   unusual          
  ...and 2253 test result(s) without anomalies

>>> p0=23, p1=24
RNG_test using PractRand version 0.94
RNG = RNG_stdin64, seed = 0
test set = expanded, folding = extra

rng=RNG_stdin64, seed=0
length= 64 gigabytes (2^36 bytes), time= 1524 seconds
  no anomalies in 1810 test result(s)

rng=RNG_stdin64, seed=0
length= 128 gigabytes (2^37 bytes), time= 3981 seconds
  no anomalies in 1902 test result(s)

rng=RNG_stdin64, seed=0
length= 256 gigabytes (2^38 bytes), time= 8427 seconds
  Test Name                         Raw       Processed     Evaluation
  [Low4/32]DC6-9x1Bytes-1           R= +13.1  p =  9.3e-9    VERY SUSPICIOUS 
  ...and 1982 test result(s) without anomalies

rng=RNG_stdin64, seed=0
length= 512 gigabytes (2^39 bytes), time= 18053 seconds
  Test Name                         Raw       Processed     Evaluation
  [Low4/32]DC6-9x1Bytes-1           R= +20.2  p =  7.4e-8   very suspicious  
  ...and 2057 test result(s) without anomalies

rng=RNG_stdin64, seed=0
length= 1 terabyte (2^40 bytes), time= 35356 seconds
  Test Name                         Raw       Processed     Evaluation
  BCFN(0+2,13-0,T)                  R= +13.5  p =  9.3e-7   suspicious       
  [Low4/32]DC6-9x1Bytes-1           R= +40.5  p =  6.9e-15    FAIL !         
  [Low8/32]BCFN(0+0,13-0,T)         R= +10.7  p =  3.0e-5   unusual          
  ...and 2129 test result(s) without anomalies

>>> p0=23, p1=26
RNG_test using PractRand version 0.94
RNG = RNG_stdin64, seed = 0
test set = expanded, folding = extra

rng=RNG_stdin64, seed=0
length= 64 gigabytes (2^36 bytes), time= 2327 seconds
  Test Name                         Raw       Processed     Evaluation
  [Low1/64]Gap-16:A                 R=  -4.7  p =1-2.3e-4   unusual          
  ...and 1807 test result(s) without anomalies

rng=RNG_stdin64, seed=0
length= 128 gigabytes (2^37 bytes), time= 4513 seconds
  no anomalies in 1902 test result(s)

rng=RNG_stdin64, seed=0
length= 256 gigabytes (2^38 bytes), time= 8778 seconds
  no anomalies in 1983 test result(s)

rng=RNG_stdin64, seed=0
length= 512 gigabytes (2^39 bytes), time= 18194 seconds
  no anomalies in 2058 test result(s)

rng=RNG_stdin64, seed=0
length= 1 terabyte (2^40 bytes), time= 35324 seconds
  Test Name                         Raw       Processed     Evaluation
  BCFN(0+2,13-0,T)                  R= +14.5  p =  2.8e-7   suspicious       
  [Low4/32]DC6-9x1Bytes-1           R= +11.9  p =  5.4e-5   mildly suspicious
  ...and 2130 test result(s) without anomalies

rng=RNG_stdin64, seed=0
length= 2 terabytes (2^41 bytes), time= 70621 seconds
  Test Name                         Raw       Processed     Evaluation
  BCFN(0+2,13-0,T)                  R= +22.0  p =  2.6e-11   VERY SUSPICIOUS 
  [Low4/32]DC6-9x1Bytes-1           R= +21.4  p =  2.8e-8   very suspicious  
  ...and 2192 test result(s) without anomalies

rng=RNG_stdin64, seed=0
length= 4 terabytes (2^42 bytes), time= 144569 seconds
  Test Name                         Raw       Processed     Evaluation
  BCFN(0+2,13-0,T)                  R= +40.5  p =  3.5e-21    FAIL !!        
  [Low4/32]DC6-9x1Bytes-1           R= +44.4  p =  2.9e-16    FAIL !         
  ...and 2253 test result(s) without anomalies

>>> p0=23, p1=28
RNG_test using PractRand version 0.94
RNG = RNG_stdin64, seed = 0
test set = expanded, folding = extra

rng=RNG_stdin64, seed=0
length= 64 gigabytes (2^36 bytes), time= 2216 seconds
  no anomalies in 1805 test result(s)

rng=RNG_stdin64, seed=0
length= 128 gigabytes (2^37 bytes), time= 4459 seconds
  no anomalies in 1902 test result(s)

rng=RNG_stdin64, seed=0
length= 256 gigabytes (2^38 bytes), time= 8662 seconds
  no anomalies in 1983 test result(s)

rng=RNG_stdin64, seed=0
length= 512 gigabytes (2^39 bytes), time= 17870 seconds
  no anomalies in 2058 test result(s)

rng=RNG_stdin64, seed=0
length= 1 terabyte (2^40 bytes), time= 35857 seconds
  no anomalies in 2132 test result(s)

rng=RNG_stdin64, seed=0
length= 2 terabytes (2^41 bytes), time= 71348 seconds
  Test Name                         Raw       Processed     Evaluation
  BCFN(0+2,13-0,T)                  R= +13.3  p =  1.2e-6   suspicious       
  ...and 2193 test result(s) without anomalies

rng=RNG_stdin64, seed=0
length= 4 terabytes (2^42 bytes), time= 144429 seconds
  Test Name                         Raw       Processed     Evaluation
  BCFN(0+2,13-0,T)                  R= +28.8  p =  6.5e-15    FAIL           
  ...and 2254 test result(s) without anomalies

>>> p0=23, p1=30
RNG_test using PractRand version 0.94
RNG = RNG_stdin64, seed = 0
test set = expanded, folding = extra

rng=RNG_stdin64, seed=0
length= 64 gigabytes (2^36 bytes), time= 2226 seconds
  Test Name                         Raw       Processed     Evaluation
  [Low4/32]BCFN(0+5,13-0,T)         R= -10.2  p =1-1.6e-5   unusual          
  ...and 1807 test result(s) without anomalies

rng=RNG_stdin64, seed=0
length= 128 gigabytes (2^37 bytes), time= 4475 seconds
  no anomalies in 1902 test result(s)

rng=RNG_stdin64, seed=0
length= 256 gigabytes (2^38 bytes), time= 8708 seconds
  no anomalies in 1983 test result(s)

rng=RNG_stdin64, seed=0
length= 512 gigabytes (2^39 bytes), time= 17897 seconds
  no anomalies in 2058 test result(s)

rng=RNG_stdin64, seed=0
length= 1 terabyte (2^40 bytes), time= 35860 seconds
  no anomalies in 2132 test result(s)

rng=RNG_stdin64, seed=0
length= 2 terabytes (2^41 bytes), time= 71424 seconds
  Test Name                         Raw       Processed     Evaluation
  BCFN(0+2,13-0,T)                  R= +10.3  p =  4.6e-5   unusual          
  ...and 2193 test result(s) without anomalies

rng=RNG_stdin64, seed=0
length= 4 terabytes (2^42 bytes), time= 144465 seconds
  Test Name                         Raw       Processed     Evaluation
  BCFN(0+2,13-0,T)                  R= +18.1  p =  3.4e-9   very suspicious  
  ...and 2254 test result(s) without anomalies

>>> p0=24, p1=1
RNG_test using PractRand version 0.94
RNG = RNG_stdin64, seed = 0
test set = expanded, folding = extra

rng=RNG_stdin64, seed=0
length= 64 gigabytes (2^36 bytes), time= 1665 seconds
  no anomalies in 1808 test result(s)

rng=RNG_stdin64, seed=0
length= 128 gigabytes (2^37 bytes), time= 4058 seconds
  no anomalies in 1902 test result(s)

rng=RNG_stdin64, seed=0
length= 256 gigabytes (2^38 bytes), time= 8389 seconds
  no anomalies in 1983 test result(s)

rng=RNG_stdin64, seed=0
length= 512 gigabytes (2^39 bytes), time= 17716 seconds
  Test Name                         Raw       Processed     Evaluation
  BCFN(0+2,13-0,T)                  R= +11.8  p =  8.0e-6   mildly suspicious
  ...and 2057 test result(s) without anomalies

rng=RNG_stdin64, seed=0
length= 1 terabyte (2^40 bytes), time= 34838 seconds
  Test Name                         Raw       Processed     Evaluation
  BCFN(0+2,13-0,T)                  R= +23.4  p =  4.6e-12    FAIL           
  ...and 2131 test result(s) without anomalies

